14:10:31.506 [main                     ] DEBUG GameApplication      - Logger initialized
14:10:31.577 [main                     ] DEBUG GameApplication      - Logging settings
Title: Asteroids
Version: 0.0
Width: 800
Height: 600
Fullscreen: false
Intro: false
Menus: false
Profiling: false
Single step:false
App Mode: DEVELOPER
Menu Key: ESCAPE
Stage Style: DECORATED
Scene Factory: class com.almasb.fxgl.app.scene.SceneFactory

14:10:32.936 [JavaFX Application Thread] DEBUG GameApplication      - Initializing FXGL
14:10:32.969 [JavaFX Application Thread] INFO  Engine               - FXGL-11.8 (08.03.2020 09.09) on WINDOWS (J:11.0.6 FX:10.0.2-internal)
14:10:32.970 [JavaFX Application Thread] INFO  Engine               - Source code and latest versions at: https://github.com/AlmasB/FXGL
14:10:32.970 [JavaFX Application Thread] INFO  Engine               -              Join the FXGL chat at: https://gitter.im/AlmasB/FXGL
14:10:33.230 [JavaFX Application Thread] DEBUG MainWindow           - Creating a JavaFX scene
14:10:33.568 [JavaFX Application Thread] DEBUG MainWindow           - Target settings size: 800.0 x 600.0
14:10:33.568 [JavaFX Application Thread] DEBUG MainWindow           - Scaled scene size:    800.0 x 600.0
14:10:33.568 [JavaFX Application Thread] DEBUG MainWindow           - Scaled ratio: (1.0, 1.0)
14:10:33.572 [JavaFX Application Thread] DEBUG MainWindow           - Set initial scene to FXGLStartupScene
14:10:33.587 [JavaFX Application Thread] DEBUG MainWindow           - Opening main window
14:10:33.802 [JavaFX Application Thread] DEBUG MainWindow           - Window border size: (16.0, 39.0)
14:10:33.803 [JavaFX Application Thread] DEBUG MainWindow           - Scaled size: 800.0 x 600.0
14:10:33.803 [JavaFX Application Thread] DEBUG MainWindow           - Scaled ratio: (1.0, 1.0)
14:10:33.803 [JavaFX Application Thread] DEBUG MainWindow           - Scene size: 800.0 x 600.0
14:10:33.804 [JavaFX Application Thread] DEBUG MainWindow           - Stage size: 816.0 x 639.0
14:10:33.901 [FXGL Background Thread 1 ] DEBUG Engine               - Initializing environment variables
14:10:33.973 [FXGL Background Thread 1 ] DEBUG WindowService        - Applying CSS: fxgl_dark.css
14:10:33.974 [FXGL Background Thread 1 ] DEBUG AssetLoaderService   - Loading from file system: /assets/ui/css/fxgl_dark.css
14:10:34.091 [FXGL Background Thread 1 ] DEBUG WindowService        - Initializing application scenes
14:10:34.245 [FXGL Background Thread 1 ] DEBUG GameWorld            - Game world initialized
14:10:34.356 [FXGL Background Thread 1 ] DEBUG PhysicsWorld         - Physics world initialized: appHeight=600, physics.ppm=50.0
14:10:34.361 [FXGL Background Thread 1 ] DEBUG GameScene            - Game scene initialized: 800x600
14:10:34.380 [FXGL Background Thread 1 ] DEBUG Input                - Registered new binding: Resume - Esc
14:10:34.391 [FXGL Background Thread 1 ] DEBUG AssetLoaderService   - Loading from file system: /assets/textures/pause_menu_bg.png
14:10:34.516 [FXGL Background Thread 1 ] DEBUG Input                - Registered new binding: Pause - Esc
14:10:34.516 [FXGL Background Thread 1 ] DEBUG WindowService        - Application scenes initialized
14:10:34.542 [FXGL Background Thread 1 ] DEBUG SystemBundleService  - Loading default FXGL system data
14:10:34.543 [FXGL Background Thread 1 ] INFO  Engine               - FXGL initialization took: 0.635 sec
14:10:34.546 [FXGL Background Thread 1 ] DEBUG GameApplication      - Loading localizations
14:10:34.547 [FXGL Background Thread 1 ] DEBUG AssetLoaderService   - Loading from file system: /assets/properties/languages/english.properties
14:10:34.550 [FXGL Background Thread 1 ] DEBUG AssetLoaderService   - Loading from file system: /assets/properties/languages/french.properties
14:10:34.552 [FXGL Background Thread 1 ] DEBUG AssetLoaderService   - Loading from file system: /assets/properties/languages/german.properties
14:10:34.554 [FXGL Background Thread 1 ] DEBUG AssetLoaderService   - Loading from file system: /assets/properties/languages/hungarian.properties
14:10:34.556 [FXGL Background Thread 1 ] DEBUG AssetLoaderService   - Loading from file system: /assets/properties/languages/russian.properties
14:10:34.558 [FXGL Background Thread 1 ] DEBUG GameApplication      - Registering font factories with UI factory
14:10:34.558 [FXGL Background Thread 1 ] DEBUG AssetLoaderService   - Loading from file system: /assets/ui/fonts/VarelaRound-Regular.ttf
14:10:34.953 [FXGL Background Thread 1 ] DEBUG AssetLoaderService   - Loading from file system: /assets/ui/fonts/Abel-Regular.ttf
14:10:34.959 [FXGL Background Thread 1 ] DEBUG AssetLoaderService   - Loading from file system: /assets/ui/fonts/lucida_console.ttf
14:10:34.966 [FXGL Background Thread 1 ] DEBUG AssetLoaderService   - Loading from file system: /assets/ui/fonts/Courier-Prime.ttf
14:10:34.975 [JavaFX Application Thread] DEBUG AssetLoaderService   - Loading from file system: /assets/textures/fxgl_icon.png
14:10:35.007 [JavaFX Application Thread] DEBUG AssetLoaderService   - Loading from file system: /assets/ui/cursors/fxgl_default.png
14:10:35.011 [JavaFX Application Thread] DEBUG Input                - Registered new binding: Screenshot - P
14:10:35.012 [JavaFX Application Thread] DEBUG Input                - Registered new binding: System info dump - CTRL+9
14:10:35.013 [JavaFX Application Thread] DEBUG Input                - Registered new binding: Restart - CTRL+R
14:10:35.014 [JavaFX Application Thread] DEBUG LoopRunner           - Starting loop
14:10:35.031 [JavaFX Application Thread] DEBUG FXGLStartupScene     - STARTUP
14:10:35.031 [JavaFX Application Thread] DEBUG WindowService        - Starting new game
14:10:35.035 [JavaFX Application Thread] DEBUG Input                - Clearing active input actions
14:10:35.056 [JavaFX Application Thread] DEBUG WindowService        - Removing overlay from FXGLStartupScene and adding to FXGLLoadingScene
14:10:35.057 [JavaFX Application Thread] DEBUG MainWindow           - FXGLStartupScene -> FXGLLoadingScene
14:10:35.057 [JavaFX Application Thread] DEBUG WindowService        - Clearing previous game
14:10:35.057 [JavaFX Application Thread] DEBUG GameScene            - Clearing game scene
14:10:35.058 [JavaFX Application Thread] DEBUG GameWorld            - Clearing game world
14:10:35.058 [JavaFX Application Thread] DEBUG PhysicsWorld         - Clearing physics world
14:10:35.061 [FXGL Background Thread 1 ] DEBUG GameApplication      - Initializing game
14:10:35.063 [FXGL Background Thread 1 ] INFO  GameApplication      - Game initialization took: 0.002 sec
14:10:35.128 [JavaFX Application Thread] DEBUG Input                - Clearing active input actions
14:10:35.145 [JavaFX Application Thread] DEBUG WindowService        - Removing overlay from FXGLLoadingScene and adding to GameScene
14:10:35.146 [JavaFX Application Thread] DEBUG MainWindow           - FXGLLoadingScene -> GameScene
14:10:37.547 [FXGL Background Thread 2 ] DEBUG Engine               - Logging environment variables
14:10:37.547 [FXGL Background Thread 2 ] DEBUG Engine               - achievements: []
14:10:37.547 [FXGL Background Thread 2 ] DEBUG Engine               - language: ObjectProperty [value: ENGLISH]
14:10:37.547 [FXGL Background Thread 2 ] DEBUG Engine               - isCloseConfirmation: false
14:10:37.547 [FXGL Background Thread 2 ] DEBUG Engine               - isProfilingEnabled: false
14:10:37.547 [FXGL Background Thread 2 ] DEBUG Engine               - soundNotification: core/notification.wav
14:10:37.547 [FXGL Background Thread 2 ] DEBUG Engine               - devShowBBoxProperty: BooleanProperty [value: false]
14:10:37.548 [FXGL Background Thread 2 ] DEBUG Engine               - pixelsPerMeter: 50.0
14:10:37.548 [FXGL Background Thread 2 ] DEBUG Engine               - appIcon: fxgl_icon.png
14:10:37.548 [FXGL Background Thread 2 ] DEBUG Engine               - soundMenuBack: menu/back.wav
14:10:37.548 [FXGL Background Thread 2 ] DEBUG Engine               - isFullScreenAllowed: false
14:10:37.548 [FXGL Background Thread 2 ] DEBUG Engine               - isIntroEnabled: false
14:10:37.549 [FXGL Background Thread 2 ] DEBUG Engine               - fontMono: lucida_console.ttf
14:10:37.549 [FXGL Background Thread 2 ] DEBUG Engine               - soundMenuSelect: menu/select.wav
14:10:37.549 [FXGL Background Thread 2 ] DEBUG Engine               - isWindows: true
14:10:37.549 [FXGL Background Thread 2 ] DEBUG Engine               - isMobile: false
14:10:37.549 [FXGL Background Thread 2 ] DEBUG Engine               - isUserProfileEnabled: false
14:10:37.549 [FXGL Background Thread 2 ] DEBUG Engine               - height: 600
14:10:37.549 [FXGL Background Thread 2 ] DEBUG Engine               - isExperimentalNative: false
14:10:37.550 [FXGL Background Thread 2 ] DEBUG Engine               - settings: Title: Asteroids
Version: 0.0
Width: 800
Height: 600
Fullscreen: false
Intro: false
Menus: false
Profiling: false
Single step:false
App Mode: DEVELOPER
Menu Key: ESCAPE
Stage Style: DECORATED
Scene Factory: class com.almasb.fxgl.app.scene.SceneFactory

14:10:37.550 [FXGL Background Thread 2 ] DEBUG Engine               - isSingleStep: false
14:10:37.550 [FXGL Background Thread 2 ] DEBUG Engine               - cSSList: [fxgl_dark.css]
14:10:37.550 [FXGL Background Thread 2 ] DEBUG Engine               - fontGame: Abel-Regular.ttf
14:10:37.550 [FXGL Background Thread 2 ] DEBUG Engine               - menuKey: ESCAPE
14:10:37.550 [FXGL Background Thread 2 ] DEBUG Engine               - devShowPositionProperty: BooleanProperty [value: false]
14:10:37.550 [FXGL Background Thread 2 ] DEBUG Engine               - versionCheckDays: 7
14:10:37.550 [FXGL Background Thread 2 ] DEBUG Engine               - configClass: Optional.empty
14:10:37.550 [FXGL Background Thread 2 ] DEBUG Engine               - isFullScreenFromStart: false
14:10:37.550 [FXGL Background Thread 2 ] DEBUG Engine               - version: 0.0
14:10:37.550 [FXGL Background Thread 2 ] DEBUG Engine               - fullScreen: BooleanProperty [value: false]
14:10:37.550 [FXGL Background Thread 2 ] DEBUG Engine               - randomSeed: -1
14:10:37.550 [FXGL Background Thread 2 ] DEBUG Engine               - gameDifficultyProperty: ObjectProperty [value: MEDIUM]
14:10:37.551 [FXGL Background Thread 2 ] DEBUG Engine               - applicationMode: DEVELOPER
14:10:37.551 [FXGL Background Thread 2 ] DEBUG Engine               - isMac: false
14:10:37.551 [FXGL Background Thread 2 ] DEBUG Engine               - isMenuEnabled: false
14:10:37.551 [FXGL Background Thread 2 ] DEBUG Engine               - profileName: StringProperty [value: DEFAULT]
14:10:37.551 [FXGL Background Thread 2 ] DEBUG Engine               - urlPOM: https://raw.githubusercontent.com/AlmasB/FXGL/master/pom.xml
14:10:37.551 [FXGL Background Thread 2 ] DEBUG Engine               - notificationViewClass: class com.almasb.fxgl.notification.view.XboxNotificationView
14:10:37.551 [FXGL Background Thread 2 ] DEBUG Engine               - devSensorColorProperty: ObjectProperty [value: 0xffff00ff]
14:10:37.551 [FXGL Background Thread 2 ] DEBUG Engine               - sceneFactory: com.almasb.fxgl.app.scene.SceneFactory@2e7d4a39
14:10:37.552 [FXGL Background Thread 2 ] DEBUG Engine               - stageStyle: DECORATED
14:10:37.552 [FXGL Background Thread 2 ] DEBUG Engine               - isManualResizeEnabled: false
14:10:37.552 [FXGL Background Thread 2 ] DEBUG Engine               - title: Asteroids
14:10:37.552 [FXGL Background Thread 2 ] DEBUG Engine               - platform: WINDOWS
14:10:37.552 [FXGL Background Thread 2 ] DEBUG Engine               - devBBoxColorProperty: ObjectProperty [value: 0xff0000ff]
14:10:37.552 [FXGL Background Thread 2 ] DEBUG Engine               - gameDifficulty: MEDIUM
14:10:37.552 [FXGL Background Thread 2 ] DEBUG Engine               - isDesktop: true
14:10:37.553 [FXGL Background Thread 2 ] DEBUG Engine               - supportedLanguages: [ENGLISH, FRENCH, GERMAN, HUNGARIAN, RUSSIAN]
14:10:37.553 [FXGL Background Thread 2 ] DEBUG Engine               - credits: []
14:10:37.553 [FXGL Background Thread 2 ] DEBUG Engine               - globalMusicVolumeProperty: DoubleProperty [value: 0.5]
14:10:37.553 [FXGL Background Thread 2 ] DEBUG Engine               - isPreserveResizeRatio: false
14:10:37.553 [FXGL Background Thread 2 ] DEBUG Engine               - fontText: Courier-Prime.ttf
14:10:37.553 [FXGL Background Thread 2 ] DEBUG Engine               - isExperimentalTiledLargeMap: false
14:10:37.553 [FXGL Background Thread 2 ] DEBUG Engine               - secondsIn24h: 60
14:10:37.553 [FXGL Background Thread 2 ] DEBUG Engine               - runtimeInfo: RuntimeInfo(platform=WINDOWS, version=11.8, build=08.03.2020 09.09)
14:10:37.554 [FXGL Background Thread 2 ] DEBUG Engine               - isLinux: false
14:10:37.554 [FXGL Background Thread 2 ] DEBUG Engine               - soundMenuPress: menu/press.wav
14:10:37.554 [FXGL Background Thread 2 ] DEBUG Engine               - urlGithub: https://github.com/AlmasB/FXGL
14:10:37.554 [FXGL Background Thread 2 ] DEBUG Engine               - profileDir: profiles/
14:10:37.554 [FXGL Background Thread 2 ] DEBUG Engine               - isDeveloperMenuEnabled: false
14:10:37.554 [FXGL Background Thread 2 ] DEBUG Engine               - globalSoundVolumeProperty: DoubleProperty [value: 0.5]
14:10:37.554 [FXGL Background Thread 2 ] DEBUG Engine               - mainWindow: com.almasb.fxgl.app.MainWindow@2a42cb2e
14:10:37.554 [FXGL Background Thread 2 ] DEBUG Engine               - isBrowser: false
14:10:37.554 [FXGL Background Thread 2 ] DEBUG Engine               - urlLeaderboard: http://fxgl-top.herokuapp.com/
14:10:37.554 [FXGL Background Thread 2 ] DEBUG Engine               - globalSoundVolume: 0.5
14:10:37.554 [FXGL Background Thread 2 ] DEBUG Engine               - engineServices: [class com.almasb.fxgl.app.GameApplication$GameApplicationService, class com.almasb.fxgl.app.services.WindowService, class com.almasb.fxgl.app.services.FXGLDialogService, class com.almasb.fxgl.app.services.IOTaskExecutorService, class com.almasb.fxgl.event.EventBusService, class com.almasb.fxgl.io.FileSystemService, class com.almasb.fxgl.localization.LocalizationService, class com.almasb.fxgl.app.services.AssetLoaderService, class com.almasb.fxgl.app.services.SystemBundleService, class com.almasb.fxgl.profile.SaveLoadService, class com.almasb.fxgl.ui.FXGLUIFactoryServiceProvider, class com.almasb.fxgl.ui.FXGLDialogFactoryServiceProvider, class com.almasb.fxgl.audio.AudioPlayer, class com.almasb.fxgl.notification.impl.NotificationServiceProvider, class com.almasb.fxgl.achievement.AchievementService, class com.almasb.fxgl.cutscene.CutsceneService, class com.almasb.fxgl.minigames.MiniGameService, class com.almasb.fxgl.net.NetService, class com.almasb.fxgl.app.services.UpdaterService]
14:10:37.554 [FXGL Background Thread 2 ] DEBUG Engine               - globalMusicVolume: 0.5
14:10:37.555 [FXGL Background Thread 2 ] DEBUG Engine               - width: 800
14:10:37.555 [FXGL Background Thread 2 ] DEBUG Engine               - saveFileExt: sav
14:10:37.555 [FXGL Background Thread 2 ] DEBUG Engine               - isAndroid: false
14:10:37.555 [FXGL Background Thread 2 ] DEBUG Engine               - fontUI: VarelaRound-Regular.ttf
14:10:37.555 [FXGL Background Thread 2 ] DEBUG Engine               - enabledMenuItems: []
14:10:37.555 [FXGL Background Thread 2 ] DEBUG Engine               - isIOS: false
14:10:37.555 [FXGL Background Thread 2 ] DEBUG Engine               - Logging services
14:10:37.555 [FXGL Background Thread 2 ] DEBUG Engine               - class com.almasb.fxgl.app.GameApplication$GameApplicationService
14:10:37.555 [FXGL Background Thread 2 ] DEBUG Engine               - class com.almasb.fxgl.app.services.WindowService
14:10:37.555 [FXGL Background Thread 2 ] DEBUG Engine               - class com.almasb.fxgl.app.services.FXGLDialogService
14:10:37.555 [FXGL Background Thread 2 ] DEBUG Engine               - class com.almasb.fxgl.app.services.IOTaskExecutorService
14:10:37.556 [FXGL Background Thread 2 ] DEBUG Engine               - class com.almasb.fxgl.event.EventBusService
14:10:37.556 [FXGL Background Thread 2 ] DEBUG Engine               - class com.almasb.fxgl.io.FileSystemService
14:10:37.556 [FXGL Background Thread 2 ] DEBUG Engine               - class com.almasb.fxgl.localization.LocalizationService
14:10:37.556 [FXGL Background Thread 2 ] DEBUG Engine               - class com.almasb.fxgl.app.services.AssetLoaderService
14:10:37.556 [FXGL Background Thread 2 ] DEBUG Engine               - class com.almasb.fxgl.app.services.SystemBundleService
14:10:37.556 [FXGL Background Thread 2 ] DEBUG Engine               - class com.almasb.fxgl.profile.SaveLoadService
14:10:37.556 [FXGL Background Thread 2 ] DEBUG Engine               - class com.almasb.fxgl.ui.FXGLUIFactoryServiceProvider
14:10:37.557 [FXGL Background Thread 2 ] DEBUG Engine               - class com.almasb.fxgl.ui.FXGLDialogFactoryServiceProvider
14:10:37.557 [FXGL Background Thread 2 ] DEBUG Engine               - class com.almasb.fxgl.audio.AudioPlayer
14:10:37.557 [FXGL Background Thread 2 ] DEBUG Engine               - class com.almasb.fxgl.notification.impl.NotificationServiceProvider
14:10:37.557 [FXGL Background Thread 2 ] DEBUG Engine               - class com.almasb.fxgl.achievement.AchievementService
14:10:37.557 [FXGL Background Thread 2 ] DEBUG Engine               - class com.almasb.fxgl.cutscene.CutsceneService
14:10:37.557 [FXGL Background Thread 2 ] DEBUG Engine               - class com.almasb.fxgl.minigames.MiniGameService
14:10:37.557 [FXGL Background Thread 2 ] DEBUG Engine               - class com.almasb.fxgl.net.NetService
14:10:37.557 [FXGL Background Thread 2 ] DEBUG Engine               - class com.almasb.fxgl.app.services.UpdaterService
14:10:43.130 [JavaFX Application Thread] DEBUG GameApplication      - Exiting FXGL
14:10:43.130 [JavaFX Application Thread] DEBUG LoopRunner           - Stopping loop
14:10:43.131 [JavaFX Application Thread] DEBUG SystemBundleService  - Saving FXGL system data
14:10:43.137 [JavaFX Application Thread] DEBUG FileSystemAccess     - Writing to: C:\Users\Katherine\IdeaProjects\Asteroids\system\fxgl.bundle
14:10:43.144 [JavaFX Application Thread] DEBUG GameApplication      - Shutting down background threads
14:10:43.144 [JavaFX Application Thread] DEBUG GameApplication      - Closing logger and exiting JavaFX
