16:10:47.497 [main                     ] DEBUG GameApplication      - Logger initialized
16:10:47.535 [main                     ] DEBUG GameApplication      - Logging settings
Title: Asteroids
Version: 0.1
Width: 800
Height: 600
Fullscreen: false
Intro: false
Menus: false
Profiling: false
Single step:false
App Mode: DEVELOPER
Menu Key: ESCAPE
Stage Style: DECORATED
Scene Factory: class com.almasb.fxgl.app.scene.SceneFactory

16:10:47.962 [JavaFX Application Thread] DEBUG GameApplication      - Initializing FXGL
16:10:47.980 [JavaFX Application Thread] INFO  Engine               - FXGL-11.8 (08.03.2020 09.09) on WINDOWS (J:11.0.6 FX:10.0.2-internal)
16:10:47.980 [JavaFX Application Thread] INFO  Engine               - Source code and latest versions at: https://github.com/AlmasB/FXGL
16:10:47.980 [JavaFX Application Thread] INFO  Engine               -              Join the FXGL chat at: https://gitter.im/AlmasB/FXGL
16:10:48.154 [JavaFX Application Thread] DEBUG MainWindow           - Creating a JavaFX scene
16:10:48.282 [JavaFX Application Thread] DEBUG MainWindow           - Target settings size: 800.0 x 600.0
16:10:48.283 [JavaFX Application Thread] DEBUG MainWindow           - Scaled scene size:    800.0 x 600.0
16:10:48.283 [JavaFX Application Thread] DEBUG MainWindow           - Scaled ratio: (1.0, 1.0)
16:10:48.285 [JavaFX Application Thread] DEBUG MainWindow           - Set initial scene to FXGLStartupScene
16:10:48.296 [JavaFX Application Thread] DEBUG MainWindow           - Opening main window
16:10:48.423 [JavaFX Application Thread] DEBUG MainWindow           - Window border size: (16.0, 39.0)
16:10:48.423 [JavaFX Application Thread] DEBUG MainWindow           - Scaled size: 800.0 x 600.0
16:10:48.423 [JavaFX Application Thread] DEBUG MainWindow           - Scaled ratio: (1.0, 1.0)
16:10:48.424 [JavaFX Application Thread] DEBUG MainWindow           - Scene size: 800.0 x 600.0
16:10:48.424 [JavaFX Application Thread] DEBUG MainWindow           - Stage size: 816.0 x 639.0
16:10:48.469 [FXGL Background Thread 1 ] DEBUG Engine               - Initializing environment variables
16:10:48.521 [FXGL Background Thread 1 ] DEBUG WindowService        - Applying CSS: fxgl_dark.css
16:10:48.522 [FXGL Background Thread 1 ] DEBUG AssetLoaderService   - Loading from file system: /assets/ui/css/fxgl_dark.css
16:10:48.610 [FXGL Background Thread 1 ] DEBUG WindowService        - Initializing application scenes
16:10:48.757 [FXGL Background Thread 1 ] DEBUG GameWorld            - Game world initialized
16:10:48.840 [FXGL Background Thread 1 ] DEBUG PhysicsWorld         - Physics world initialized: appHeight=600, physics.ppm=50.0
16:10:48.843 [FXGL Background Thread 1 ] DEBUG GameScene            - Game scene initialized: 800x600
16:10:48.859 [FXGL Background Thread 1 ] DEBUG Input                - Registered new binding: Resume - Esc
16:10:48.864 [FXGL Background Thread 1 ] DEBUG AssetLoaderService   - Loading from file system: /assets/textures/pause_menu_bg.png
16:10:48.958 [FXGL Background Thread 1 ] DEBUG Input                - Registered new binding: Pause - Esc
16:10:48.958 [FXGL Background Thread 1 ] DEBUG WindowService        - Application scenes initialized
16:10:48.976 [FXGL Background Thread 1 ] DEBUG SystemBundleService  - Loading FXGL system data
16:10:48.983 [FXGL Background Thread 1 ] DEBUG FileSystemAccess     - Reading from: C:\Users\Katherine\IdeaProjects\Asteroids\system\fxgl.bundle
16:10:48.994 [FXGL Background Thread 1 ] DEBUG SystemBundleService  - Bundle FXGL: {}
16:10:48.995 [FXGL Background Thread 1 ] INFO  Engine               - FXGL initialization took: 0.523 sec
16:10:48.997 [FXGL Background Thread 1 ] DEBUG GameApplication      - Loading localizations
16:10:48.999 [FXGL Background Thread 1 ] DEBUG AssetLoaderService   - Loading from file system: /assets/properties/languages/english.properties
16:10:49.002 [FXGL Background Thread 1 ] DEBUG AssetLoaderService   - Loading from file system: /assets/properties/languages/french.properties
16:10:49.004 [FXGL Background Thread 1 ] DEBUG AssetLoaderService   - Loading from file system: /assets/properties/languages/german.properties
16:10:49.006 [FXGL Background Thread 1 ] DEBUG AssetLoaderService   - Loading from file system: /assets/properties/languages/hungarian.properties
16:10:49.008 [FXGL Background Thread 1 ] DEBUG AssetLoaderService   - Loading from file system: /assets/properties/languages/russian.properties
16:10:49.010 [FXGL Background Thread 1 ] DEBUG GameApplication      - Registering font factories with UI factory
16:10:49.011 [FXGL Background Thread 1 ] DEBUG AssetLoaderService   - Loading from file system: /assets/ui/fonts/VarelaRound-Regular.ttf
16:10:49.389 [FXGL Background Thread 1 ] DEBUG AssetLoaderService   - Loading from file system: /assets/ui/fonts/Abel-Regular.ttf
16:10:49.397 [FXGL Background Thread 1 ] DEBUG AssetLoaderService   - Loading from file system: /assets/ui/fonts/lucida_console.ttf
16:10:49.403 [FXGL Background Thread 1 ] DEBUG AssetLoaderService   - Loading from file system: /assets/ui/fonts/Courier-Prime.ttf
16:10:49.411 [JavaFX Application Thread] DEBUG Input                - Registered new binding: Move Right - D
16:10:49.411 [JavaFX Application Thread] DEBUG Input                - Registered new binding: Move Left - A
16:10:49.412 [JavaFX Application Thread] DEBUG Input                - Registered new binding: Move Up - W
16:10:49.412 [JavaFX Application Thread] DEBUG Input                - Registered new binding: Move Down - S
16:10:49.412 [JavaFX Application Thread] DEBUG Input                - Registered new binding: Play Sound - Space
16:10:49.412 [JavaFX Application Thread] DEBUG AssetLoaderService   - Loading from file system: /assets/textures/fxgl_icon.png
16:10:49.436 [JavaFX Application Thread] DEBUG AssetLoaderService   - Loading from file system: /assets/ui/cursors/fxgl_default.png
16:10:49.439 [JavaFX Application Thread] DEBUG Input                - Registered new binding: Screenshot - P
16:10:49.439 [JavaFX Application Thread] DEBUG Input                - Registered new binding: System info dump - CTRL+9
16:10:49.440 [JavaFX Application Thread] DEBUG Input                - Registered new binding: Restart - CTRL+R
16:10:49.441 [JavaFX Application Thread] DEBUG LoopRunner           - Starting loop
16:10:49.456 [JavaFX Application Thread] DEBUG FXGLStartupScene     - STARTUP
16:10:49.456 [JavaFX Application Thread] DEBUG WindowService        - Starting new game
16:10:49.460 [JavaFX Application Thread] DEBUG Input                - Clearing active input actions
16:10:49.477 [JavaFX Application Thread] DEBUG WindowService        - Removing overlay from FXGLStartupScene and adding to FXGLLoadingScene
16:10:49.478 [JavaFX Application Thread] DEBUG MainWindow           - FXGLStartupScene -> FXGLLoadingScene
16:10:49.478 [JavaFX Application Thread] DEBUG WindowService        - Clearing previous game
16:10:49.478 [JavaFX Application Thread] DEBUG GameScene            - Clearing game scene
16:10:49.478 [JavaFX Application Thread] DEBUG GameWorld            - Clearing game world
16:10:49.478 [JavaFX Application Thread] DEBUG PhysicsWorld         - Clearing physics world
16:10:49.480 [FXGL Background Thread 1 ] DEBUG GameApplication      - Initializing game
16:10:49.488 [FXGL Background Thread 1 ] DEBUG AssetLoaderService   - Loading from file system: /assets/textures/spaceship.png
16:10:49.489 [FXGL Background Thread 1 ] WARN  AssetLoaderService   - Failed to load texture spaceship.png Error: java.lang.IllegalArgumentException: Asset "/assets/textures/spaceship.png" was not found!
16:10:49.647 [FXGL Background Thread 1 ] DEBUG AssetLoaderService   - Loading from file system: /assets/textures/user.png
16:10:49.649 [FXGL Background Thread 1 ] WARN  AssetLoaderService   - Failed to load texture user.png Error: java.lang.IllegalArgumentException: Asset "/assets/textures/user.png" was not found!
16:10:49.650 [FXGL Background Thread 1 ] INFO  GameApplication      - Game initialization took: 0.170 sec
16:10:49.669 [JavaFX Application Thread] DEBUG Input                - Clearing active input actions
16:10:49.686 [JavaFX Application Thread] DEBUG WindowService        - Removing overlay from FXGLLoadingScene and adding to GameScene
16:10:49.686 [JavaFX Application Thread] DEBUG MainWindow           - FXGLLoadingScene -> GameScene
16:10:51.997 [FXGL Background Thread 2 ] DEBUG Engine               - Logging environment variables
16:10:51.997 [FXGL Background Thread 2 ] DEBUG Engine               - achievements: []
16:10:51.997 [FXGL Background Thread 2 ] DEBUG Engine               - language: ObjectProperty [value: ENGLISH]
16:10:51.998 [FXGL Background Thread 2 ] DEBUG Engine               - isCloseConfirmation: false
16:10:51.998 [FXGL Background Thread 2 ] DEBUG Engine               - isProfilingEnabled: false
16:10:51.998 [FXGL Background Thread 2 ] DEBUG Engine               - soundNotification: core/notification.wav
16:10:51.998 [FXGL Background Thread 2 ] DEBUG Engine               - devShowBBoxProperty: BooleanProperty [value: false]
16:10:51.998 [FXGL Background Thread 2 ] DEBUG Engine               - pixelsPerMeter: 50.0
16:10:51.998 [FXGL Background Thread 2 ] DEBUG Engine               - soundMenuBack: menu/back.wav
16:10:51.998 [FXGL Background Thread 2 ] DEBUG Engine               - appIcon: fxgl_icon.png
16:10:51.999 [FXGL Background Thread 2 ] DEBUG Engine               - isFullScreenAllowed: false
16:10:51.999 [FXGL Background Thread 2 ] DEBUG Engine               - isIntroEnabled: false
16:10:51.999 [FXGL Background Thread 2 ] DEBUG Engine               - fontMono: lucida_console.ttf
16:10:51.999 [FXGL Background Thread 2 ] DEBUG Engine               - soundMenuSelect: menu/select.wav
16:10:51.999 [FXGL Background Thread 2 ] DEBUG Engine               - isWindows: true
16:10:51.999 [FXGL Background Thread 2 ] DEBUG Engine               - isMobile: false
16:10:51.999 [FXGL Background Thread 2 ] DEBUG Engine               - isUserProfileEnabled: false
16:10:51.999 [FXGL Background Thread 2 ] DEBUG Engine               - height: 600
16:10:51.999 [FXGL Background Thread 2 ] DEBUG Engine               - isExperimentalNative: false
16:10:52.000 [FXGL Background Thread 2 ] DEBUG Engine               - settings: Title: Asteroids
Version: 0.1
Width: 800
Height: 600
Fullscreen: false
Intro: false
Menus: false
Profiling: false
Single step:false
App Mode: DEVELOPER
Menu Key: ESCAPE
Stage Style: DECORATED
Scene Factory: class com.almasb.fxgl.app.scene.SceneFactory

16:10:52.000 [FXGL Background Thread 2 ] DEBUG Engine               - isSingleStep: false
16:10:52.000 [FXGL Background Thread 2 ] DEBUG Engine               - cSSList: [fxgl_dark.css]
16:10:52.000 [FXGL Background Thread 2 ] DEBUG Engine               - fontGame: Abel-Regular.ttf
16:10:52.000 [FXGL Background Thread 2 ] DEBUG Engine               - menuKey: ESCAPE
16:10:52.000 [FXGL Background Thread 2 ] DEBUG Engine               - devShowPositionProperty: BooleanProperty [value: false]
16:10:52.000 [FXGL Background Thread 2 ] DEBUG Engine               - versionCheckDays: 7
16:10:52.000 [FXGL Background Thread 2 ] DEBUG Engine               - configClass: Optional.empty
16:10:52.000 [FXGL Background Thread 2 ] DEBUG Engine               - isFullScreenFromStart: false
16:10:52.001 [FXGL Background Thread 2 ] DEBUG Engine               - version: 0.1
16:10:52.001 [FXGL Background Thread 2 ] DEBUG Engine               - fullScreen: BooleanProperty [value: false]
16:10:52.001 [FXGL Background Thread 2 ] DEBUG Engine               - randomSeed: -1
16:10:52.001 [FXGL Background Thread 2 ] DEBUG Engine               - gameDifficultyProperty: ObjectProperty [value: MEDIUM]
16:10:52.001 [FXGL Background Thread 2 ] DEBUG Engine               - applicationMode: DEVELOPER
16:10:52.001 [FXGL Background Thread 2 ] DEBUG Engine               - isMac: false
16:10:52.001 [FXGL Background Thread 2 ] DEBUG Engine               - isMenuEnabled: false
16:10:52.001 [FXGL Background Thread 2 ] DEBUG Engine               - urlPOM: https://raw.githubusercontent.com/AlmasB/FXGL/master/pom.xml
16:10:52.002 [FXGL Background Thread 2 ] DEBUG Engine               - profileName: StringProperty [value: DEFAULT]
16:10:52.002 [FXGL Background Thread 2 ] DEBUG Engine               - notificationViewClass: class com.almasb.fxgl.notification.view.XboxNotificationView
16:10:52.002 [FXGL Background Thread 2 ] DEBUG Engine               - devSensorColorProperty: ObjectProperty [value: 0xffff00ff]
16:10:52.002 [FXGL Background Thread 2 ] DEBUG Engine               - sceneFactory: com.almasb.fxgl.app.scene.SceneFactory@20217781
16:10:52.002 [FXGL Background Thread 2 ] DEBUG Engine               - stageStyle: DECORATED
16:10:52.002 [FXGL Background Thread 2 ] DEBUG Engine               - isManualResizeEnabled: false
16:10:52.002 [FXGL Background Thread 2 ] DEBUG Engine               - title: Asteroids
16:10:52.002 [FXGL Background Thread 2 ] DEBUG Engine               - platform: WINDOWS
16:10:52.003 [FXGL Background Thread 2 ] DEBUG Engine               - devBBoxColorProperty: ObjectProperty [value: 0xff0000ff]
16:10:52.003 [FXGL Background Thread 2 ] DEBUG Engine               - gameDifficulty: MEDIUM
16:10:52.003 [FXGL Background Thread 2 ] DEBUG Engine               - isDesktop: true
16:10:52.003 [FXGL Background Thread 2 ] DEBUG Engine               - supportedLanguages: [ENGLISH, FRENCH, GERMAN, HUNGARIAN, RUSSIAN]
16:10:52.003 [FXGL Background Thread 2 ] DEBUG Engine               - credits: []
16:10:52.003 [FXGL Background Thread 2 ] DEBUG Engine               - globalMusicVolumeProperty: DoubleProperty [value: 0.5]
16:10:52.003 [FXGL Background Thread 2 ] DEBUG Engine               - isPreserveResizeRatio: false
16:10:52.003 [FXGL Background Thread 2 ] DEBUG Engine               - fontText: Courier-Prime.ttf
16:10:52.004 [FXGL Background Thread 2 ] DEBUG Engine               - isExperimentalTiledLargeMap: false
16:10:52.004 [FXGL Background Thread 2 ] DEBUG Engine               - secondsIn24h: 60
16:10:52.004 [FXGL Background Thread 2 ] DEBUG Engine               - runtimeInfo: RuntimeInfo(platform=WINDOWS, version=11.8, build=08.03.2020 09.09)
16:10:52.004 [FXGL Background Thread 2 ] DEBUG Engine               - soundMenuPress: menu/press.wav
16:10:52.004 [FXGL Background Thread 2 ] DEBUG Engine               - isLinux: false
16:10:52.004 [FXGL Background Thread 2 ] DEBUG Engine               - urlGithub: https://github.com/AlmasB/FXGL
16:10:52.004 [FXGL Background Thread 2 ] DEBUG Engine               - profileDir: profiles/
16:10:52.004 [FXGL Background Thread 2 ] DEBUG Engine               - isDeveloperMenuEnabled: false
16:10:52.005 [FXGL Background Thread 2 ] DEBUG Engine               - globalSoundVolumeProperty: DoubleProperty [value: 0.5]
16:10:52.005 [FXGL Background Thread 2 ] DEBUG Engine               - mainWindow: com.almasb.fxgl.app.MainWindow@241ef75d
16:10:52.005 [FXGL Background Thread 2 ] DEBUG Engine               - isBrowser: false
16:10:52.005 [FXGL Background Thread 2 ] DEBUG Engine               - globalSoundVolume: 0.5
16:10:52.005 [FXGL Background Thread 2 ] DEBUG Engine               - urlLeaderboard: http://fxgl-top.herokuapp.com/
16:10:52.005 [FXGL Background Thread 2 ] DEBUG Engine               - engineServices: [class com.almasb.fxgl.app.GameApplication$GameApplicationService, class com.almasb.fxgl.app.services.WindowService, class com.almasb.fxgl.app.services.FXGLDialogService, class com.almasb.fxgl.app.services.IOTaskExecutorService, class com.almasb.fxgl.event.EventBusService, class com.almasb.fxgl.io.FileSystemService, class com.almasb.fxgl.localization.LocalizationService, class com.almasb.fxgl.app.services.AssetLoaderService, class com.almasb.fxgl.app.services.SystemBundleService, class com.almasb.fxgl.profile.SaveLoadService, class com.almasb.fxgl.ui.FXGLUIFactoryServiceProvider, class com.almasb.fxgl.ui.FXGLDialogFactoryServiceProvider, class com.almasb.fxgl.audio.AudioPlayer, class com.almasb.fxgl.notification.impl.NotificationServiceProvider, class com.almasb.fxgl.achievement.AchievementService, class com.almasb.fxgl.cutscene.CutsceneService, class com.almasb.fxgl.minigames.MiniGameService, class com.almasb.fxgl.net.NetService, class com.almasb.fxgl.app.services.UpdaterService]
16:10:52.005 [FXGL Background Thread 2 ] DEBUG Engine               - globalMusicVolume: 0.5
16:10:52.005 [FXGL Background Thread 2 ] DEBUG Engine               - width: 800
16:10:52.005 [FXGL Background Thread 2 ] DEBUG Engine               - saveFileExt: sav
16:10:52.006 [FXGL Background Thread 2 ] DEBUG Engine               - isAndroid: false
16:10:52.006 [FXGL Background Thread 2 ] DEBUG Engine               - fontUI: VarelaRound-Regular.ttf
16:10:52.006 [FXGL Background Thread 2 ] DEBUG Engine               - enabledMenuItems: []
16:10:52.006 [FXGL Background Thread 2 ] DEBUG Engine               - isIOS: false
16:10:52.006 [FXGL Background Thread 2 ] DEBUG Engine               - Logging services
16:10:52.006 [FXGL Background Thread 2 ] DEBUG Engine               - class com.almasb.fxgl.app.GameApplication$GameApplicationService
16:10:52.006 [FXGL Background Thread 2 ] DEBUG Engine               - class com.almasb.fxgl.app.services.WindowService
16:10:52.006 [FXGL Background Thread 2 ] DEBUG Engine               - class com.almasb.fxgl.app.services.FXGLDialogService
16:10:52.006 [FXGL Background Thread 2 ] DEBUG Engine               - class com.almasb.fxgl.app.services.IOTaskExecutorService
16:10:52.007 [FXGL Background Thread 2 ] DEBUG Engine               - class com.almasb.fxgl.event.EventBusService
16:10:52.007 [FXGL Background Thread 2 ] DEBUG Engine               - class com.almasb.fxgl.io.FileSystemService
16:10:52.007 [FXGL Background Thread 2 ] DEBUG Engine               - class com.almasb.fxgl.localization.LocalizationService
16:10:52.007 [FXGL Background Thread 2 ] DEBUG Engine               - class com.almasb.fxgl.app.services.AssetLoaderService
16:10:52.007 [FXGL Background Thread 2 ] DEBUG Engine               - class com.almasb.fxgl.app.services.SystemBundleService
16:10:52.008 [FXGL Background Thread 2 ] DEBUG Engine               - class com.almasb.fxgl.profile.SaveLoadService
16:10:52.008 [FXGL Background Thread 2 ] DEBUG Engine               - class com.almasb.fxgl.ui.FXGLUIFactoryServiceProvider
16:10:52.008 [FXGL Background Thread 2 ] DEBUG Engine               - class com.almasb.fxgl.ui.FXGLDialogFactoryServiceProvider
16:10:52.008 [FXGL Background Thread 2 ] DEBUG Engine               - class com.almasb.fxgl.audio.AudioPlayer
16:10:52.008 [FXGL Background Thread 2 ] DEBUG Engine               - class com.almasb.fxgl.notification.impl.NotificationServiceProvider
16:10:52.008 [FXGL Background Thread 2 ] DEBUG Engine               - class com.almasb.fxgl.achievement.AchievementService
16:10:52.008 [FXGL Background Thread 2 ] DEBUG Engine               - class com.almasb.fxgl.cutscene.CutsceneService
16:10:52.008 [FXGL Background Thread 2 ] DEBUG Engine               - class com.almasb.fxgl.minigames.MiniGameService
16:10:52.008 [FXGL Background Thread 2 ] DEBUG Engine               - class com.almasb.fxgl.net.NetService
16:10:52.008 [FXGL Background Thread 2 ] DEBUG Engine               - class com.almasb.fxgl.app.services.UpdaterService
16:10:54.632 [JavaFX Application Thread] DEBUG GameApplication      - Exiting FXGL
16:10:54.632 [JavaFX Application Thread] DEBUG LoopRunner           - Stopping loop
16:10:54.632 [JavaFX Application Thread] DEBUG SystemBundleService  - Saving FXGL system data
16:10:54.636 [JavaFX Application Thread] DEBUG FileSystemAccess     - Writing to: C:\Users\Katherine\IdeaProjects\Asteroids\system\fxgl.bundle
16:10:54.641 [JavaFX Application Thread] DEBUG GameApplication      - Shutting down background threads
16:10:54.641 [JavaFX Application Thread] DEBUG GameApplication      - Closing logger and exiting JavaFX
