16:12:26.829 [main                     ] DEBUG GameApplication      - Logger initialized
16:12:26.856 [main                     ] DEBUG GameApplication      - Logging settings
Title: Asteroids
Version: 0.1
Width: 800
Height: 600
Fullscreen: false
Intro: false
Menus: false
Profiling: false
Single step:false
App Mode: DEVELOPER
Menu Key: ESCAPE
Stage Style: DECORATED
Scene Factory: class com.almasb.fxgl.app.scene.SceneFactory

16:12:27.272 [JavaFX Application Thread] DEBUG GameApplication      - Initializing FXGL
16:12:27.297 [JavaFX Application Thread] INFO  Engine               - FXGL-11.8 (08.03.2020 09.09) on WINDOWS (J:11.0.6 FX:10.0.2-internal)
16:12:27.297 [JavaFX Application Thread] INFO  Engine               - Source code and latest versions at: https://github.com/AlmasB/FXGL
16:12:27.297 [JavaFX Application Thread] INFO  Engine               -              Join the FXGL chat at: https://gitter.im/AlmasB/FXGL
16:12:27.482 [JavaFX Application Thread] DEBUG MainWindow           - Creating a JavaFX scene
16:12:27.636 [JavaFX Application Thread] DEBUG MainWindow           - Target settings size: 800.0 x 600.0
16:12:27.636 [JavaFX Application Thread] DEBUG MainWindow           - Scaled scene size:    800.0 x 600.0
16:12:27.637 [JavaFX Application Thread] DEBUG MainWindow           - Scaled ratio: (1.0, 1.0)
16:12:27.639 [JavaFX Application Thread] DEBUG MainWindow           - Set initial scene to FXGLStartupScene
16:12:27.652 [JavaFX Application Thread] DEBUG MainWindow           - Opening main window
16:12:27.784 [JavaFX Application Thread] DEBUG MainWindow           - Window border size: (16.0, 39.0)
16:12:27.785 [JavaFX Application Thread] DEBUG MainWindow           - Scaled size: 800.0 x 600.0
16:12:27.785 [JavaFX Application Thread] DEBUG MainWindow           - Scaled ratio: (1.0, 1.0)
16:12:27.786 [JavaFX Application Thread] DEBUG MainWindow           - Scene size: 800.0 x 600.0
16:12:27.786 [JavaFX Application Thread] DEBUG MainWindow           - Stage size: 816.0 x 639.0
16:12:27.833 [FXGL Background Thread 1 ] DEBUG Engine               - Initializing environment variables
16:12:27.889 [FXGL Background Thread 1 ] DEBUG WindowService        - Applying CSS: fxgl_dark.css
16:12:27.890 [FXGL Background Thread 1 ] DEBUG AssetLoaderService   - Loading from file system: /assets/ui/css/fxgl_dark.css
16:12:27.972 [FXGL Background Thread 1 ] DEBUG WindowService        - Initializing application scenes
16:12:28.074 [FXGL Background Thread 1 ] DEBUG GameWorld            - Game world initialized
16:12:28.164 [FXGL Background Thread 1 ] DEBUG PhysicsWorld         - Physics world initialized: appHeight=600, physics.ppm=50.0
16:12:28.169 [FXGL Background Thread 1 ] DEBUG GameScene            - Game scene initialized: 800x600
16:12:28.185 [FXGL Background Thread 1 ] DEBUG Input                - Registered new binding: Resume - Esc
16:12:28.191 [FXGL Background Thread 1 ] DEBUG AssetLoaderService   - Loading from file system: /assets/textures/pause_menu_bg.png
16:12:28.276 [FXGL Background Thread 1 ] DEBUG Input                - Registered new binding: Pause - Esc
16:12:28.276 [FXGL Background Thread 1 ] DEBUG WindowService        - Application scenes initialized
16:12:28.295 [FXGL Background Thread 1 ] DEBUG SystemBundleService  - Loading FXGL system data
16:12:28.303 [FXGL Background Thread 1 ] DEBUG FileSystemAccess     - Reading from: C:\Users\Katherine\IdeaProjects\Asteroids\system\fxgl.bundle
16:12:28.314 [FXGL Background Thread 1 ] DEBUG SystemBundleService  - Bundle FXGL: {}
16:12:28.315 [FXGL Background Thread 1 ] INFO  Engine               - FXGL initialization took: 0.477 sec
16:12:28.317 [FXGL Background Thread 1 ] DEBUG GameApplication      - Loading localizations
16:12:28.319 [FXGL Background Thread 1 ] DEBUG AssetLoaderService   - Loading from file system: /assets/properties/languages/english.properties
16:12:28.322 [FXGL Background Thread 1 ] DEBUG AssetLoaderService   - Loading from file system: /assets/properties/languages/french.properties
16:12:28.324 [FXGL Background Thread 1 ] DEBUG AssetLoaderService   - Loading from file system: /assets/properties/languages/german.properties
16:12:28.326 [FXGL Background Thread 1 ] DEBUG AssetLoaderService   - Loading from file system: /assets/properties/languages/hungarian.properties
16:12:28.329 [FXGL Background Thread 1 ] DEBUG AssetLoaderService   - Loading from file system: /assets/properties/languages/russian.properties
16:12:28.331 [FXGL Background Thread 1 ] DEBUG GameApplication      - Registering font factories with UI factory
16:12:28.332 [FXGL Background Thread 1 ] DEBUG AssetLoaderService   - Loading from file system: /assets/ui/fonts/VarelaRound-Regular.ttf
16:12:28.719 [FXGL Background Thread 1 ] DEBUG AssetLoaderService   - Loading from file system: /assets/ui/fonts/Abel-Regular.ttf
16:12:28.724 [FXGL Background Thread 1 ] DEBUG AssetLoaderService   - Loading from file system: /assets/ui/fonts/lucida_console.ttf
16:12:28.735 [FXGL Background Thread 1 ] DEBUG AssetLoaderService   - Loading from file system: /assets/ui/fonts/Courier-Prime.ttf
16:12:28.743 [JavaFX Application Thread] DEBUG Input                - Registered new binding: Move Right - D
16:12:28.744 [JavaFX Application Thread] DEBUG Input                - Registered new binding: Move Left - A
16:12:28.744 [JavaFX Application Thread] DEBUG Input                - Registered new binding: Move Up - W
16:12:28.744 [JavaFX Application Thread] DEBUG Input                - Registered new binding: Move Down - S
16:12:28.744 [JavaFX Application Thread] DEBUG Input                - Registered new binding: Play Sound - Space
16:12:28.745 [JavaFX Application Thread] DEBUG AssetLoaderService   - Loading from file system: /assets/textures/fxgl_icon.png
16:12:28.769 [JavaFX Application Thread] DEBUG AssetLoaderService   - Loading from file system: /assets/ui/cursors/fxgl_default.png
16:12:28.772 [JavaFX Application Thread] DEBUG Input                - Registered new binding: Screenshot - P
16:12:28.773 [JavaFX Application Thread] DEBUG Input                - Registered new binding: System info dump - CTRL+9
16:12:28.774 [JavaFX Application Thread] DEBUG Input                - Registered new binding: Restart - CTRL+R
16:12:28.775 [JavaFX Application Thread] DEBUG LoopRunner           - Starting loop
16:12:28.799 [JavaFX Application Thread] DEBUG FXGLStartupScene     - STARTUP
16:12:28.799 [JavaFX Application Thread] DEBUG WindowService        - Starting new game
16:12:28.802 [JavaFX Application Thread] DEBUG Input                - Clearing active input actions
16:12:28.820 [JavaFX Application Thread] DEBUG WindowService        - Removing overlay from FXGLStartupScene and adding to FXGLLoadingScene
16:12:28.820 [JavaFX Application Thread] DEBUG MainWindow           - FXGLStartupScene -> FXGLLoadingScene
16:12:28.821 [JavaFX Application Thread] DEBUG WindowService        - Clearing previous game
16:12:28.821 [JavaFX Application Thread] DEBUG GameScene            - Clearing game scene
16:12:28.821 [JavaFX Application Thread] DEBUG GameWorld            - Clearing game world
16:12:28.821 [JavaFX Application Thread] DEBUG PhysicsWorld         - Clearing physics world
16:12:28.823 [FXGL Background Thread 1 ] DEBUG GameApplication      - Initializing game
16:12:28.831 [FXGL Background Thread 1 ] DEBUG AssetLoaderService   - Loading from file system: /assets/textures/spaceship.png
16:12:28.832 [FXGL Background Thread 1 ] WARN  AssetLoaderService   - Failed to load texture spaceship.png Error: java.lang.IllegalArgumentException: Asset "/assets/textures/spaceship.png" was not found!
16:12:29.001 [FXGL Background Thread 1 ] DEBUG AssetLoaderService   - Loading from file system: /assets/textures/user.png
16:12:29.002 [FXGL Background Thread 1 ] WARN  AssetLoaderService   - Failed to load texture user.png Error: java.lang.IllegalArgumentException: Asset "/assets/textures/user.png" was not found!
16:12:29.003 [FXGL Background Thread 1 ] INFO  GameApplication      - Game initialization took: 0.179 sec
16:12:29.031 [JavaFX Application Thread] DEBUG Input                - Clearing active input actions
16:12:29.047 [JavaFX Application Thread] DEBUG WindowService        - Removing overlay from FXGLLoadingScene and adding to GameScene
16:12:29.048 [JavaFX Application Thread] DEBUG MainWindow           - FXGLLoadingScene -> GameScene
16:12:31.318 [FXGL Background Thread 2 ] DEBUG Engine               - Logging environment variables
16:12:31.318 [FXGL Background Thread 2 ] DEBUG Engine               - achievements: []
16:12:31.318 [FXGL Background Thread 2 ] DEBUG Engine               - language: ObjectProperty [value: ENGLISH]
16:12:31.319 [FXGL Background Thread 2 ] DEBUG Engine               - isCloseConfirmation: false
16:12:31.319 [FXGL Background Thread 2 ] DEBUG Engine               - isProfilingEnabled: false
16:12:31.319 [FXGL Background Thread 2 ] DEBUG Engine               - soundNotification: core/notification.wav
16:12:31.319 [FXGL Background Thread 2 ] DEBUG Engine               - devShowBBoxProperty: BooleanProperty [value: false]
16:12:31.319 [FXGL Background Thread 2 ] DEBUG Engine               - pixelsPerMeter: 50.0
16:12:31.319 [FXGL Background Thread 2 ] DEBUG Engine               - appIcon: fxgl_icon.png
16:12:31.319 [FXGL Background Thread 2 ] DEBUG Engine               - soundMenuBack: menu/back.wav
16:12:31.319 [FXGL Background Thread 2 ] DEBUG Engine               - isFullScreenAllowed: false
16:12:31.320 [FXGL Background Thread 2 ] DEBUG Engine               - isIntroEnabled: false
16:12:31.320 [FXGL Background Thread 2 ] DEBUG Engine               - fontMono: lucida_console.ttf
16:12:31.320 [FXGL Background Thread 2 ] DEBUG Engine               - soundMenuSelect: menu/select.wav
16:12:31.320 [FXGL Background Thread 2 ] DEBUG Engine               - isWindows: true
16:12:31.320 [FXGL Background Thread 2 ] DEBUG Engine               - isMobile: false
16:12:31.320 [FXGL Background Thread 2 ] DEBUG Engine               - isUserProfileEnabled: false
16:12:31.320 [FXGL Background Thread 2 ] DEBUG Engine               - height: 600
16:12:31.321 [FXGL Background Thread 2 ] DEBUG Engine               - isExperimentalNative: false
16:12:31.321 [FXGL Background Thread 2 ] DEBUG Engine               - settings: Title: Asteroids
Version: 0.1
Width: 800
Height: 600
Fullscreen: false
Intro: false
Menus: false
Profiling: false
Single step:false
App Mode: DEVELOPER
Menu Key: ESCAPE
Stage Style: DECORATED
Scene Factory: class com.almasb.fxgl.app.scene.SceneFactory

16:12:31.321 [FXGL Background Thread 2 ] DEBUG Engine               - isSingleStep: false
16:12:31.321 [FXGL Background Thread 2 ] DEBUG Engine               - cSSList: [fxgl_dark.css]
16:12:31.321 [FXGL Background Thread 2 ] DEBUG Engine               - fontGame: Abel-Regular.ttf
16:12:31.321 [FXGL Background Thread 2 ] DEBUG Engine               - menuKey: ESCAPE
16:12:31.321 [FXGL Background Thread 2 ] DEBUG Engine               - devShowPositionProperty: BooleanProperty [value: false]
16:12:31.321 [FXGL Background Thread 2 ] DEBUG Engine               - versionCheckDays: 7
16:12:31.321 [FXGL Background Thread 2 ] DEBUG Engine               - configClass: Optional.empty
16:12:31.321 [FXGL Background Thread 2 ] DEBUG Engine               - isFullScreenFromStart: false
16:12:31.322 [FXGL Background Thread 2 ] DEBUG Engine               - version: 0.1
16:12:31.322 [FXGL Background Thread 2 ] DEBUG Engine               - fullScreen: BooleanProperty [value: false]
16:12:31.322 [FXGL Background Thread 2 ] DEBUG Engine               - randomSeed: -1
16:12:31.322 [FXGL Background Thread 2 ] DEBUG Engine               - gameDifficultyProperty: ObjectProperty [value: MEDIUM]
16:12:31.322 [FXGL Background Thread 2 ] DEBUG Engine               - applicationMode: DEVELOPER
16:12:31.322 [FXGL Background Thread 2 ] DEBUG Engine               - isMac: false
16:12:31.322 [FXGL Background Thread 2 ] DEBUG Engine               - isMenuEnabled: false
16:12:31.323 [FXGL Background Thread 2 ] DEBUG Engine               - profileName: StringProperty [value: DEFAULT]
16:12:31.323 [FXGL Background Thread 2 ] DEBUG Engine               - urlPOM: https://raw.githubusercontent.com/AlmasB/FXGL/master/pom.xml
16:12:31.323 [FXGL Background Thread 2 ] DEBUG Engine               - notificationViewClass: class com.almasb.fxgl.notification.view.XboxNotificationView
16:12:31.323 [FXGL Background Thread 2 ] DEBUG Engine               - devSensorColorProperty: ObjectProperty [value: 0xffff00ff]
16:12:31.323 [FXGL Background Thread 2 ] DEBUG Engine               - sceneFactory: com.almasb.fxgl.app.scene.SceneFactory@45b89f6c
16:12:31.324 [FXGL Background Thread 2 ] DEBUG Engine               - stageStyle: DECORATED
16:12:31.324 [FXGL Background Thread 2 ] DEBUG Engine               - isManualResizeEnabled: false
16:12:31.324 [FXGL Background Thread 2 ] DEBUG Engine               - title: Asteroids
16:12:31.324 [FXGL Background Thread 2 ] DEBUG Engine               - platform: WINDOWS
16:12:31.324 [FXGL Background Thread 2 ] DEBUG Engine               - devBBoxColorProperty: ObjectProperty [value: 0xff0000ff]
16:12:31.324 [FXGL Background Thread 2 ] DEBUG Engine               - gameDifficulty: MEDIUM
16:12:31.324 [FXGL Background Thread 2 ] DEBUG Engine               - isDesktop: true
16:12:31.325 [FXGL Background Thread 2 ] DEBUG Engine               - supportedLanguages: [ENGLISH, FRENCH, GERMAN, HUNGARIAN, RUSSIAN]
16:12:31.325 [FXGL Background Thread 2 ] DEBUG Engine               - credits: []
16:12:31.325 [FXGL Background Thread 2 ] DEBUG Engine               - globalMusicVolumeProperty: DoubleProperty [value: 0.5]
16:12:31.325 [FXGL Background Thread 2 ] DEBUG Engine               - isPreserveResizeRatio: false
16:12:31.325 [FXGL Background Thread 2 ] DEBUG Engine               - fontText: Courier-Prime.ttf
16:12:31.325 [FXGL Background Thread 2 ] DEBUG Engine               - isExperimentalTiledLargeMap: false
16:12:31.325 [FXGL Background Thread 2 ] DEBUG Engine               - secondsIn24h: 60
16:12:31.326 [FXGL Background Thread 2 ] DEBUG Engine               - runtimeInfo: RuntimeInfo(platform=WINDOWS, version=11.8, build=08.03.2020 09.09)
16:12:31.326 [FXGL Background Thread 2 ] DEBUG Engine               - isLinux: false
16:12:31.326 [FXGL Background Thread 2 ] DEBUG Engine               - soundMenuPress: menu/press.wav
16:12:31.326 [FXGL Background Thread 2 ] DEBUG Engine               - urlGithub: https://github.com/AlmasB/FXGL
16:12:31.326 [FXGL Background Thread 2 ] DEBUG Engine               - profileDir: profiles/
16:12:31.326 [FXGL Background Thread 2 ] DEBUG Engine               - isDeveloperMenuEnabled: false
16:12:31.326 [FXGL Background Thread 2 ] DEBUG Engine               - globalSoundVolumeProperty: DoubleProperty [value: 0.5]
16:12:31.326 [FXGL Background Thread 2 ] DEBUG Engine               - mainWindow: com.almasb.fxgl.app.MainWindow@41870303
16:12:31.327 [FXGL Background Thread 2 ] DEBUG Engine               - isBrowser: false
16:12:31.327 [FXGL Background Thread 2 ] DEBUG Engine               - globalSoundVolume: 0.5
16:12:31.327 [FXGL Background Thread 2 ] DEBUG Engine               - urlLeaderboard: http://fxgl-top.herokuapp.com/
16:12:31.327 [FXGL Background Thread 2 ] DEBUG Engine               - engineServices: [class com.almasb.fxgl.app.GameApplication$GameApplicationService, class com.almasb.fxgl.app.services.WindowService, class com.almasb.fxgl.app.services.FXGLDialogService, class com.almasb.fxgl.app.services.IOTaskExecutorService, class com.almasb.fxgl.event.EventBusService, class com.almasb.fxgl.io.FileSystemService, class com.almasb.fxgl.localization.LocalizationService, class com.almasb.fxgl.app.services.AssetLoaderService, class com.almasb.fxgl.app.services.SystemBundleService, class com.almasb.fxgl.profile.SaveLoadService, class com.almasb.fxgl.ui.FXGLUIFactoryServiceProvider, class com.almasb.fxgl.ui.FXGLDialogFactoryServiceProvider, class com.almasb.fxgl.audio.AudioPlayer, class com.almasb.fxgl.notification.impl.NotificationServiceProvider, class com.almasb.fxgl.achievement.AchievementService, class com.almasb.fxgl.cutscene.CutsceneService, class com.almasb.fxgl.minigames.MiniGameService, class com.almasb.fxgl.net.NetService, class com.almasb.fxgl.app.services.UpdaterService]
16:12:31.327 [FXGL Background Thread 2 ] DEBUG Engine               - globalMusicVolume: 0.5
16:12:31.327 [FXGL Background Thread 2 ] DEBUG Engine               - width: 800
16:12:31.327 [FXGL Background Thread 2 ] DEBUG Engine               - saveFileExt: sav
16:12:31.327 [FXGL Background Thread 2 ] DEBUG Engine               - isAndroid: false
16:12:31.327 [FXGL Background Thread 2 ] DEBUG Engine               - fontUI: VarelaRound-Regular.ttf
16:12:31.328 [FXGL Background Thread 2 ] DEBUG Engine               - enabledMenuItems: []
16:12:31.328 [FXGL Background Thread 2 ] DEBUG Engine               - isIOS: false
16:12:31.328 [FXGL Background Thread 2 ] DEBUG Engine               - Logging services
16:12:31.328 [FXGL Background Thread 2 ] DEBUG Engine               - class com.almasb.fxgl.app.GameApplication$GameApplicationService
16:12:31.328 [FXGL Background Thread 2 ] DEBUG Engine               - class com.almasb.fxgl.app.services.WindowService
16:12:31.328 [FXGL Background Thread 2 ] DEBUG Engine               - class com.almasb.fxgl.app.services.FXGLDialogService
16:12:31.328 [FXGL Background Thread 2 ] DEBUG Engine               - class com.almasb.fxgl.app.services.IOTaskExecutorService
16:12:31.328 [FXGL Background Thread 2 ] DEBUG Engine               - class com.almasb.fxgl.event.EventBusService
16:12:31.328 [FXGL Background Thread 2 ] DEBUG Engine               - class com.almasb.fxgl.io.FileSystemService
16:12:31.328 [FXGL Background Thread 2 ] DEBUG Engine               - class com.almasb.fxgl.localization.LocalizationService
16:12:31.328 [FXGL Background Thread 2 ] DEBUG Engine               - class com.almasb.fxgl.app.services.AssetLoaderService
16:12:31.328 [FXGL Background Thread 2 ] DEBUG Engine               - class com.almasb.fxgl.app.services.SystemBundleService
16:12:31.328 [FXGL Background Thread 2 ] DEBUG Engine               - class com.almasb.fxgl.profile.SaveLoadService
16:12:31.329 [FXGL Background Thread 2 ] DEBUG Engine               - class com.almasb.fxgl.ui.FXGLUIFactoryServiceProvider
16:12:31.329 [FXGL Background Thread 2 ] DEBUG Engine               - class com.almasb.fxgl.ui.FXGLDialogFactoryServiceProvider
16:12:31.329 [FXGL Background Thread 2 ] DEBUG Engine               - class com.almasb.fxgl.audio.AudioPlayer
16:12:31.329 [FXGL Background Thread 2 ] DEBUG Engine               - class com.almasb.fxgl.notification.impl.NotificationServiceProvider
16:12:31.329 [FXGL Background Thread 2 ] DEBUG Engine               - class com.almasb.fxgl.achievement.AchievementService
16:12:31.329 [FXGL Background Thread 2 ] DEBUG Engine               - class com.almasb.fxgl.cutscene.CutsceneService
16:12:31.329 [FXGL Background Thread 2 ] DEBUG Engine               - class com.almasb.fxgl.minigames.MiniGameService
16:12:31.329 [FXGL Background Thread 2 ] DEBUG Engine               - class com.almasb.fxgl.net.NetService
16:12:31.329 [FXGL Background Thread 2 ] DEBUG Engine               - class com.almasb.fxgl.app.services.UpdaterService
16:12:31.784 [JavaFX Application Thread] DEBUG GameApplication      - Exiting FXGL
16:12:31.785 [JavaFX Application Thread] DEBUG LoopRunner           - Stopping loop
16:12:31.785 [JavaFX Application Thread] DEBUG SystemBundleService  - Saving FXGL system data
16:12:31.790 [JavaFX Application Thread] DEBUG FileSystemAccess     - Writing to: C:\Users\Katherine\IdeaProjects\Asteroids\system\fxgl.bundle
16:12:31.795 [JavaFX Application Thread] DEBUG GameApplication      - Shutting down background threads
16:12:31.796 [JavaFX Application Thread] DEBUG GameApplication      - Closing logger and exiting JavaFX
