15:32:16.848 [main                     ] DEBUG GameApplication      - Logger initialized
15:32:16.891 [main                     ] DEBUG GameApplication      - Logging settings
Title: Asteroids
Version: 0.1
Width: 800
Height: 600
Fullscreen: false
Intro: false
Menus: false
Profiling: false
Single step:false
App Mode: DEVELOPER
Menu Key: ESCAPE
Stage Style: DECORATED
Scene Factory: class com.almasb.fxgl.app.scene.SceneFactory

15:32:17.252 [JavaFX Application Thread] DEBUG GameApplication      - Initializing FXGL
15:32:17.273 [JavaFX Application Thread] INFO  Engine               - FXGL-11.8 (08.03.2020 09.09) on WINDOWS (J:11.0.6 FX:10.0.2-internal)
15:32:17.274 [JavaFX Application Thread] INFO  Engine               - Source code and latest versions at: https://github.com/AlmasB/FXGL
15:32:17.276 [JavaFX Application Thread] INFO  Engine               -              Join the FXGL chat at: https://gitter.im/AlmasB/FXGL
15:32:17.442 [JavaFX Application Thread] DEBUG MainWindow           - Creating a JavaFX scene
15:32:17.586 [JavaFX Application Thread] DEBUG MainWindow           - Target settings size: 800.0 x 600.0
15:32:17.586 [JavaFX Application Thread] DEBUG MainWindow           - Scaled scene size:    800.0 x 600.0
15:32:17.587 [JavaFX Application Thread] DEBUG MainWindow           - Scaled ratio: (1.0, 1.0)
15:32:17.589 [JavaFX Application Thread] DEBUG MainWindow           - Set initial scene to FXGLStartupScene
15:32:17.603 [JavaFX Application Thread] DEBUG MainWindow           - Opening main window
15:32:17.841 [JavaFX Application Thread] DEBUG MainWindow           - Window border size: (16.0, 39.0)
15:32:17.841 [JavaFX Application Thread] DEBUG MainWindow           - Scaled size: 800.0 x 600.0
15:32:17.841 [JavaFX Application Thread] DEBUG MainWindow           - Scaled ratio: (1.0, 1.0)
15:32:17.842 [JavaFX Application Thread] DEBUG MainWindow           - Scene size: 800.0 x 600.0
15:32:17.842 [JavaFX Application Thread] DEBUG MainWindow           - Stage size: 816.0 x 639.0
15:32:17.913 [FXGL Background Thread 1 ] DEBUG Engine               - Initializing environment variables
15:32:17.979 [FXGL Background Thread 1 ] DEBUG WindowService        - Applying CSS: fxgl_dark.css
15:32:17.980 [FXGL Background Thread 1 ] DEBUG AssetLoaderService   - Loading from file system: /assets/ui/css/fxgl_dark.css
15:32:18.060 [FXGL Background Thread 1 ] DEBUG WindowService        - Initializing application scenes
15:32:18.202 [FXGL Background Thread 1 ] DEBUG GameWorld            - Game world initialized
15:32:18.286 [FXGL Background Thread 1 ] DEBUG PhysicsWorld         - Physics world initialized: appHeight=600, physics.ppm=50.0
15:32:18.289 [FXGL Background Thread 1 ] DEBUG GameScene            - Game scene initialized: 800x600
15:32:18.305 [FXGL Background Thread 1 ] DEBUG Input                - Registered new binding: Resume - Esc
15:32:18.311 [FXGL Background Thread 1 ] DEBUG AssetLoaderService   - Loading from file system: /assets/textures/pause_menu_bg.png
15:32:18.388 [FXGL Background Thread 1 ] DEBUG Input                - Registered new binding: Pause - Esc
15:32:18.388 [FXGL Background Thread 1 ] DEBUG WindowService        - Application scenes initialized
15:32:18.406 [FXGL Background Thread 1 ] DEBUG SystemBundleService  - Loading FXGL system data
15:32:18.413 [FXGL Background Thread 1 ] DEBUG FileSystemAccess     - Reading from: C:\Users\Katherine\IdeaProjects\Asteroids\system\fxgl.bundle
15:32:18.424 [FXGL Background Thread 1 ] DEBUG SystemBundleService  - Bundle FXGL: {}
15:32:18.424 [FXGL Background Thread 1 ] INFO  Engine               - FXGL initialization took: 0.502 sec
15:32:18.427 [FXGL Background Thread 1 ] DEBUG GameApplication      - Loading localizations
15:32:18.429 [FXGL Background Thread 1 ] DEBUG AssetLoaderService   - Loading from file system: /assets/properties/languages/english.properties
15:32:18.431 [FXGL Background Thread 1 ] DEBUG AssetLoaderService   - Loading from file system: /assets/properties/languages/french.properties
15:32:18.433 [FXGL Background Thread 1 ] DEBUG AssetLoaderService   - Loading from file system: /assets/properties/languages/german.properties
15:32:18.435 [FXGL Background Thread 1 ] DEBUG AssetLoaderService   - Loading from file system: /assets/properties/languages/hungarian.properties
15:32:18.438 [FXGL Background Thread 1 ] DEBUG AssetLoaderService   - Loading from file system: /assets/properties/languages/russian.properties
15:32:18.440 [FXGL Background Thread 1 ] DEBUG GameApplication      - Registering font factories with UI factory
15:32:18.440 [FXGL Background Thread 1 ] DEBUG AssetLoaderService   - Loading from file system: /assets/ui/fonts/VarelaRound-Regular.ttf
15:32:18.813 [FXGL Background Thread 1 ] DEBUG AssetLoaderService   - Loading from file system: /assets/ui/fonts/Abel-Regular.ttf
15:32:18.818 [FXGL Background Thread 1 ] DEBUG AssetLoaderService   - Loading from file system: /assets/ui/fonts/lucida_console.ttf
15:32:18.825 [FXGL Background Thread 1 ] DEBUG AssetLoaderService   - Loading from file system: /assets/ui/fonts/Courier-Prime.ttf
15:32:18.832 [JavaFX Application Thread] DEBUG Input                - Registered new binding: Move Right - D
15:32:18.833 [JavaFX Application Thread] DEBUG Input                - Registered new binding: Move Left - A
15:32:18.833 [JavaFX Application Thread] DEBUG Input                - Registered new binding: Move Up - W
15:32:18.833 [JavaFX Application Thread] DEBUG Input                - Registered new binding: Move Down - S
15:32:18.833 [JavaFX Application Thread] DEBUG Input                - Registered new binding: Play Sound - Space
15:32:18.833 [JavaFX Application Thread] DEBUG AssetLoaderService   - Loading from file system: /assets/textures/fxgl_icon.png
15:32:18.859 [JavaFX Application Thread] DEBUG AssetLoaderService   - Loading from file system: /assets/ui/cursors/fxgl_default.png
15:32:18.862 [JavaFX Application Thread] DEBUG Input                - Registered new binding: Screenshot - P
15:32:18.863 [JavaFX Application Thread] DEBUG Input                - Registered new binding: System info dump - CTRL+9
15:32:18.863 [JavaFX Application Thread] DEBUG Input                - Registered new binding: Restart - CTRL+R
15:32:18.864 [JavaFX Application Thread] DEBUG LoopRunner           - Starting loop
15:32:18.875 [JavaFX Application Thread] DEBUG FXGLStartupScene     - STARTUP
15:32:18.876 [JavaFX Application Thread] DEBUG WindowService        - Starting new game
15:32:18.879 [JavaFX Application Thread] DEBUG Input                - Clearing active input actions
15:32:18.894 [JavaFX Application Thread] DEBUG WindowService        - Removing overlay from FXGLStartupScene and adding to FXGLLoadingScene
15:32:18.895 [JavaFX Application Thread] DEBUG MainWindow           - FXGLStartupScene -> FXGLLoadingScene
15:32:18.895 [JavaFX Application Thread] DEBUG WindowService        - Clearing previous game
15:32:18.895 [JavaFX Application Thread] DEBUG GameScene            - Clearing game scene
15:32:18.895 [JavaFX Application Thread] DEBUG GameWorld            - Clearing game world
15:32:18.896 [JavaFX Application Thread] DEBUG PhysicsWorld         - Clearing physics world
15:32:18.904 [FXGL Background Thread 1 ] DEBUG GameApplication      - Initializing game
15:32:18.912 [FXGL Background Thread 1 ] DEBUG AssetLoaderService   - Loading from file system: /assets/textures/spaceship.png
15:32:18.913 [FXGL Background Thread 1 ] WARN  AssetLoaderService   - Failed to load texture spaceship.png Error: java.lang.IllegalArgumentException: Asset "/assets/textures/spaceship.png" was not found!
15:32:19.073 [FXGL Background Thread 1 ] DEBUG AssetLoaderService   - Loading from file system: /assets/textures/user.png
15:32:19.074 [FXGL Background Thread 1 ] WARN  AssetLoaderService   - Failed to load texture user.png Error: java.lang.IllegalArgumentException: Asset "/assets/textures/user.png" was not found!
15:32:19.075 [FXGL Background Thread 1 ] INFO  GameApplication      - Game initialization took: 0.171 sec
15:32:19.104 [JavaFX Application Thread] DEBUG Input                - Clearing active input actions
15:32:19.122 [JavaFX Application Thread] DEBUG WindowService        - Removing overlay from FXGLLoadingScene and adding to GameScene
15:32:19.122 [JavaFX Application Thread] DEBUG MainWindow           - FXGLLoadingScene -> GameScene
15:32:21.427 [FXGL Background Thread 2 ] DEBUG Engine               - Logging environment variables
15:32:21.427 [FXGL Background Thread 2 ] DEBUG Engine               - achievements: []
15:32:21.427 [FXGL Background Thread 2 ] DEBUG Engine               - language: ObjectProperty [value: ENGLISH]
15:32:21.427 [FXGL Background Thread 2 ] DEBUG Engine               - isCloseConfirmation: false
15:32:21.427 [FXGL Background Thread 2 ] DEBUG Engine               - isProfilingEnabled: false
15:32:21.427 [FXGL Background Thread 2 ] DEBUG Engine               - soundNotification: core/notification.wav
15:32:21.427 [FXGL Background Thread 2 ] DEBUG Engine               - devShowBBoxProperty: BooleanProperty [value: false]
15:32:21.428 [FXGL Background Thread 2 ] DEBUG Engine               - pixelsPerMeter: 50.0
15:32:21.428 [FXGL Background Thread 2 ] DEBUG Engine               - appIcon: fxgl_icon.png
15:32:21.429 [FXGL Background Thread 2 ] DEBUG Engine               - soundMenuBack: menu/back.wav
15:32:21.429 [FXGL Background Thread 2 ] DEBUG Engine               - isFullScreenAllowed: false
15:32:21.429 [FXGL Background Thread 2 ] DEBUG Engine               - isIntroEnabled: false
15:32:21.429 [FXGL Background Thread 2 ] DEBUG Engine               - fontMono: lucida_console.ttf
15:32:21.429 [FXGL Background Thread 2 ] DEBUG Engine               - soundMenuSelect: menu/select.wav
15:32:21.429 [FXGL Background Thread 2 ] DEBUG Engine               - isWindows: true
15:32:21.429 [FXGL Background Thread 2 ] DEBUG Engine               - isMobile: false
15:32:21.429 [FXGL Background Thread 2 ] DEBUG Engine               - isUserProfileEnabled: false
15:32:21.429 [FXGL Background Thread 2 ] DEBUG Engine               - height: 600
15:32:21.430 [FXGL Background Thread 2 ] DEBUG Engine               - isExperimentalNative: false
15:32:21.430 [FXGL Background Thread 2 ] DEBUG Engine               - settings: Title: Asteroids
Version: 0.1
Width: 800
Height: 600
Fullscreen: false
Intro: false
Menus: false
Profiling: false
Single step:false
App Mode: DEVELOPER
Menu Key: ESCAPE
Stage Style: DECORATED
Scene Factory: class com.almasb.fxgl.app.scene.SceneFactory

15:32:21.430 [FXGL Background Thread 2 ] DEBUG Engine               - isSingleStep: false
15:32:21.430 [FXGL Background Thread 2 ] DEBUG Engine               - cSSList: [fxgl_dark.css]
15:32:21.430 [FXGL Background Thread 2 ] DEBUG Engine               - fontGame: Abel-Regular.ttf
15:32:21.430 [FXGL Background Thread 2 ] DEBUG Engine               - menuKey: ESCAPE
15:32:21.430 [FXGL Background Thread 2 ] DEBUG Engine               - devShowPositionProperty: BooleanProperty [value: false]
15:32:21.430 [FXGL Background Thread 2 ] DEBUG Engine               - versionCheckDays: 7
15:32:21.430 [FXGL Background Thread 2 ] DEBUG Engine               - configClass: Optional.empty
15:32:21.430 [FXGL Background Thread 2 ] DEBUG Engine               - isFullScreenFromStart: false
15:32:21.430 [FXGL Background Thread 2 ] DEBUG Engine               - version: 0.1
15:32:21.430 [FXGL Background Thread 2 ] DEBUG Engine               - fullScreen: BooleanProperty [value: false]
15:32:21.431 [FXGL Background Thread 2 ] DEBUG Engine               - randomSeed: -1
15:32:21.431 [FXGL Background Thread 2 ] DEBUG Engine               - gameDifficultyProperty: ObjectProperty [value: MEDIUM]
15:32:21.431 [FXGL Background Thread 2 ] DEBUG Engine               - applicationMode: DEVELOPER
15:32:21.431 [FXGL Background Thread 2 ] DEBUG Engine               - isMac: false
15:32:21.431 [FXGL Background Thread 2 ] DEBUG Engine               - isMenuEnabled: false
15:32:21.431 [FXGL Background Thread 2 ] DEBUG Engine               - urlPOM: https://raw.githubusercontent.com/AlmasB/FXGL/master/pom.xml
15:32:21.431 [FXGL Background Thread 2 ] DEBUG Engine               - profileName: StringProperty [value: DEFAULT]
15:32:21.431 [FXGL Background Thread 2 ] DEBUG Engine               - notificationViewClass: class com.almasb.fxgl.notification.view.XboxNotificationView
15:32:21.431 [FXGL Background Thread 2 ] DEBUG Engine               - devSensorColorProperty: ObjectProperty [value: 0xffff00ff]
15:32:21.432 [FXGL Background Thread 2 ] DEBUG Engine               - sceneFactory: com.almasb.fxgl.app.scene.SceneFactory@2a60b056
15:32:21.432 [FXGL Background Thread 2 ] DEBUG Engine               - stageStyle: DECORATED
15:32:21.432 [FXGL Background Thread 2 ] DEBUG Engine               - isManualResizeEnabled: false
15:32:21.432 [FXGL Background Thread 2 ] DEBUG Engine               - title: Asteroids
15:32:21.432 [FXGL Background Thread 2 ] DEBUG Engine               - platform: WINDOWS
15:32:21.432 [FXGL Background Thread 2 ] DEBUG Engine               - devBBoxColorProperty: ObjectProperty [value: 0xff0000ff]
15:32:21.432 [FXGL Background Thread 2 ] DEBUG Engine               - gameDifficulty: MEDIUM
15:32:21.432 [FXGL Background Thread 2 ] DEBUG Engine               - isDesktop: true
15:32:21.432 [FXGL Background Thread 2 ] DEBUG Engine               - supportedLanguages: [ENGLISH, FRENCH, GERMAN, HUNGARIAN, RUSSIAN]
15:32:21.432 [FXGL Background Thread 2 ] DEBUG Engine               - credits: []
15:32:21.432 [FXGL Background Thread 2 ] DEBUG Engine               - globalMusicVolumeProperty: DoubleProperty [value: 0.5]
15:32:21.432 [FXGL Background Thread 2 ] DEBUG Engine               - isPreserveResizeRatio: false
15:32:21.433 [FXGL Background Thread 2 ] DEBUG Engine               - fontText: Courier-Prime.ttf
15:32:21.433 [FXGL Background Thread 2 ] DEBUG Engine               - isExperimentalTiledLargeMap: false
15:32:21.433 [FXGL Background Thread 2 ] DEBUG Engine               - secondsIn24h: 60
15:32:21.433 [FXGL Background Thread 2 ] DEBUG Engine               - runtimeInfo: RuntimeInfo(platform=WINDOWS, version=11.8, build=08.03.2020 09.09)
15:32:21.433 [FXGL Background Thread 2 ] DEBUG Engine               - isLinux: false
15:32:21.433 [FXGL Background Thread 2 ] DEBUG Engine               - soundMenuPress: menu/press.wav
15:32:21.434 [FXGL Background Thread 2 ] DEBUG Engine               - urlGithub: https://github.com/AlmasB/FXGL
15:32:21.435 [FXGL Background Thread 2 ] DEBUG Engine               - profileDir: profiles/
15:32:21.435 [FXGL Background Thread 2 ] DEBUG Engine               - isDeveloperMenuEnabled: false
15:32:21.435 [FXGL Background Thread 2 ] DEBUG Engine               - globalSoundVolumeProperty: DoubleProperty [value: 0.5]
15:32:21.435 [FXGL Background Thread 2 ] DEBUG Engine               - mainWindow: com.almasb.fxgl.app.MainWindow@2e5f31c2
15:32:21.435 [FXGL Background Thread 2 ] DEBUG Engine               - isBrowser: false
15:32:21.435 [FXGL Background Thread 2 ] DEBUG Engine               - urlLeaderboard: http://fxgl-top.herokuapp.com/
15:32:21.436 [FXGL Background Thread 2 ] DEBUG Engine               - globalSoundVolume: 0.5
15:32:21.436 [FXGL Background Thread 2 ] DEBUG Engine               - engineServices: [class com.almasb.fxgl.app.GameApplication$GameApplicationService, class com.almasb.fxgl.app.services.WindowService, class com.almasb.fxgl.app.services.FXGLDialogService, class com.almasb.fxgl.app.services.IOTaskExecutorService, class com.almasb.fxgl.event.EventBusService, class com.almasb.fxgl.io.FileSystemService, class com.almasb.fxgl.localization.LocalizationService, class com.almasb.fxgl.app.services.AssetLoaderService, class com.almasb.fxgl.app.services.SystemBundleService, class com.almasb.fxgl.profile.SaveLoadService, class com.almasb.fxgl.ui.FXGLUIFactoryServiceProvider, class com.almasb.fxgl.ui.FXGLDialogFactoryServiceProvider, class com.almasb.fxgl.audio.AudioPlayer, class com.almasb.fxgl.notification.impl.NotificationServiceProvider, class com.almasb.fxgl.achievement.AchievementService, class com.almasb.fxgl.cutscene.CutsceneService, class com.almasb.fxgl.minigames.MiniGameService, class com.almasb.fxgl.net.NetService, class com.almasb.fxgl.app.services.UpdaterService]
15:32:21.436 [FXGL Background Thread 2 ] DEBUG Engine               - globalMusicVolume: 0.5
15:32:21.437 [FXGL Background Thread 2 ] DEBUG Engine               - width: 800
15:32:21.437 [FXGL Background Thread 2 ] DEBUG Engine               - saveFileExt: sav
15:32:21.437 [FXGL Background Thread 2 ] DEBUG Engine               - isAndroid: false
15:32:21.437 [FXGL Background Thread 2 ] DEBUG Engine               - fontUI: VarelaRound-Regular.ttf
15:32:21.460 [FXGL Background Thread 2 ] DEBUG Engine               - enabledMenuItems: []
15:32:21.461 [FXGL Background Thread 2 ] DEBUG Engine               - isIOS: false
15:32:21.461 [FXGL Background Thread 2 ] DEBUG Engine               - Logging services
15:32:21.461 [FXGL Background Thread 2 ] DEBUG Engine               - class com.almasb.fxgl.app.GameApplication$GameApplicationService
15:32:21.461 [FXGL Background Thread 2 ] DEBUG Engine               - class com.almasb.fxgl.app.services.WindowService
15:32:21.461 [FXGL Background Thread 2 ] DEBUG Engine               - class com.almasb.fxgl.app.services.FXGLDialogService
15:32:21.461 [FXGL Background Thread 2 ] DEBUG Engine               - class com.almasb.fxgl.app.services.IOTaskExecutorService
15:32:21.461 [FXGL Background Thread 2 ] DEBUG Engine               - class com.almasb.fxgl.event.EventBusService
15:32:21.461 [FXGL Background Thread 2 ] DEBUG Engine               - class com.almasb.fxgl.io.FileSystemService
15:32:21.461 [FXGL Background Thread 2 ] DEBUG Engine               - class com.almasb.fxgl.localization.LocalizationService
15:32:21.461 [FXGL Background Thread 2 ] DEBUG Engine               - class com.almasb.fxgl.app.services.AssetLoaderService
15:32:21.462 [FXGL Background Thread 2 ] DEBUG Engine               - class com.almasb.fxgl.app.services.SystemBundleService
15:32:21.462 [FXGL Background Thread 2 ] DEBUG Engine               - class com.almasb.fxgl.profile.SaveLoadService
15:32:21.462 [FXGL Background Thread 2 ] DEBUG Engine               - class com.almasb.fxgl.ui.FXGLUIFactoryServiceProvider
15:32:21.462 [FXGL Background Thread 2 ] DEBUG Engine               - class com.almasb.fxgl.ui.FXGLDialogFactoryServiceProvider
15:32:21.462 [FXGL Background Thread 2 ] DEBUG Engine               - class com.almasb.fxgl.audio.AudioPlayer
15:32:21.462 [FXGL Background Thread 2 ] DEBUG Engine               - class com.almasb.fxgl.notification.impl.NotificationServiceProvider
15:32:21.463 [FXGL Background Thread 2 ] DEBUG Engine               - class com.almasb.fxgl.achievement.AchievementService
15:32:21.463 [FXGL Background Thread 2 ] DEBUG Engine               - class com.almasb.fxgl.cutscene.CutsceneService
15:32:21.463 [FXGL Background Thread 2 ] DEBUG Engine               - class com.almasb.fxgl.minigames.MiniGameService
15:32:21.463 [FXGL Background Thread 2 ] DEBUG Engine               - class com.almasb.fxgl.net.NetService
15:32:21.463 [FXGL Background Thread 2 ] DEBUG Engine               - class com.almasb.fxgl.app.services.UpdaterService
15:32:25.162 [JavaFX Application Thread] DEBUG GameApplication      - Exiting FXGL
15:32:25.162 [JavaFX Application Thread] DEBUG LoopRunner           - Stopping loop
15:32:25.162 [JavaFX Application Thread] DEBUG SystemBundleService  - Saving FXGL system data
15:32:25.166 [JavaFX Application Thread] DEBUG FileSystemAccess     - Writing to: C:\Users\Katherine\IdeaProjects\Asteroids\system\fxgl.bundle
15:32:25.171 [JavaFX Application Thread] DEBUG GameApplication      - Shutting down background threads
15:32:25.171 [JavaFX Application Thread] DEBUG GameApplication      - Closing logger and exiting JavaFX
