14:14:37.685 [main                     ] DEBUG GameApplication      - Logger initialized
14:14:37.734 [main                     ] DEBUG GameApplication      - Logging settings
Title: Asteroids
Version: 0.0
Width: 800
Height: 600
Fullscreen: false
Intro: false
Menus: false
Profiling: false
Single step:false
App Mode: DEVELOPER
Menu Key: ESCAPE
Stage Style: DECORATED
Scene Factory: class com.almasb.fxgl.app.scene.SceneFactory

14:14:38.158 [JavaFX Application Thread] DEBUG GameApplication      - Initializing FXGL
14:14:38.176 [JavaFX Application Thread] INFO  Engine               - FXGL-11.8 (08.03.2020 09.09) on WINDOWS (J:11.0.6 FX:10.0.2-internal)
14:14:38.176 [JavaFX Application Thread] INFO  Engine               - Source code and latest versions at: https://github.com/AlmasB/FXGL
14:14:38.177 [JavaFX Application Thread] INFO  Engine               -              Join the FXGL chat at: https://gitter.im/AlmasB/FXGL
14:14:38.340 [JavaFX Application Thread] DEBUG MainWindow           - Creating a JavaFX scene
14:14:38.468 [JavaFX Application Thread] DEBUG MainWindow           - Target settings size: 800.0 x 600.0
14:14:38.468 [JavaFX Application Thread] DEBUG MainWindow           - Scaled scene size:    800.0 x 600.0
14:14:38.469 [JavaFX Application Thread] DEBUG MainWindow           - Scaled ratio: (1.0, 1.0)
14:14:38.471 [JavaFX Application Thread] DEBUG MainWindow           - Set initial scene to FXGLStartupScene
14:14:38.483 [JavaFX Application Thread] DEBUG MainWindow           - Opening main window
14:14:38.670 [JavaFX Application Thread] DEBUG MainWindow           - Window border size: (16.0, 39.0)
14:14:38.670 [JavaFX Application Thread] DEBUG MainWindow           - Scaled size: 800.0 x 600.0
14:14:38.670 [JavaFX Application Thread] DEBUG MainWindow           - Scaled ratio: (1.0, 1.0)
14:14:38.671 [JavaFX Application Thread] DEBUG MainWindow           - Scene size: 800.0 x 600.0
14:14:38.671 [JavaFX Application Thread] DEBUG MainWindow           - Stage size: 816.0 x 639.0
14:14:38.741 [FXGL Background Thread 1 ] DEBUG Engine               - Initializing environment variables
14:14:38.797 [FXGL Background Thread 1 ] DEBUG WindowService        - Applying CSS: fxgl_dark.css
14:14:38.798 [FXGL Background Thread 1 ] DEBUG AssetLoaderService   - Loading from file system: /assets/ui/css/fxgl_dark.css
14:14:38.886 [FXGL Background Thread 1 ] DEBUG WindowService        - Initializing application scenes
14:14:39.017 [FXGL Background Thread 1 ] DEBUG GameWorld            - Game world initialized
14:14:39.101 [FXGL Background Thread 1 ] DEBUG PhysicsWorld         - Physics world initialized: appHeight=600, physics.ppm=50.0
14:14:39.104 [FXGL Background Thread 1 ] DEBUG GameScene            - Game scene initialized: 800x600
14:14:39.123 [FXGL Background Thread 1 ] DEBUG Input                - Registered new binding: Resume - Esc
14:14:39.133 [FXGL Background Thread 1 ] DEBUG AssetLoaderService   - Loading from file system: /assets/textures/pause_menu_bg.png
14:14:39.229 [FXGL Background Thread 1 ] DEBUG Input                - Registered new binding: Pause - Esc
14:14:39.229 [FXGL Background Thread 1 ] DEBUG WindowService        - Application scenes initialized
14:14:39.245 [FXGL Background Thread 1 ] DEBUG SystemBundleService  - Loading FXGL system data
14:14:39.253 [FXGL Background Thread 1 ] DEBUG FileSystemAccess     - Reading from: C:\Users\Katherine\IdeaProjects\Asteroids\system\fxgl.bundle
14:14:39.273 [FXGL Background Thread 1 ] DEBUG SystemBundleService  - Bundle FXGL: {}
14:14:39.274 [FXGL Background Thread 1 ] INFO  Engine               - FXGL initialization took: 0.528 sec
14:14:39.278 [FXGL Background Thread 1 ] DEBUG GameApplication      - Loading localizations
14:14:39.281 [FXGL Background Thread 1 ] DEBUG AssetLoaderService   - Loading from file system: /assets/properties/languages/english.properties
14:14:39.283 [FXGL Background Thread 1 ] DEBUG AssetLoaderService   - Loading from file system: /assets/properties/languages/french.properties
14:14:39.286 [FXGL Background Thread 1 ] DEBUG AssetLoaderService   - Loading from file system: /assets/properties/languages/german.properties
14:14:39.288 [FXGL Background Thread 1 ] DEBUG AssetLoaderService   - Loading from file system: /assets/properties/languages/hungarian.properties
14:14:39.290 [FXGL Background Thread 1 ] DEBUG AssetLoaderService   - Loading from file system: /assets/properties/languages/russian.properties
14:14:39.294 [FXGL Background Thread 1 ] DEBUG GameApplication      - Registering font factories with UI factory
14:14:39.294 [FXGL Background Thread 1 ] DEBUG AssetLoaderService   - Loading from file system: /assets/ui/fonts/VarelaRound-Regular.ttf
14:14:39.712 [FXGL Background Thread 1 ] DEBUG AssetLoaderService   - Loading from file system: /assets/ui/fonts/Abel-Regular.ttf
14:14:39.724 [FXGL Background Thread 1 ] DEBUG AssetLoaderService   - Loading from file system: /assets/ui/fonts/lucida_console.ttf
14:14:39.734 [FXGL Background Thread 1 ] DEBUG AssetLoaderService   - Loading from file system: /assets/ui/fonts/Courier-Prime.ttf
14:14:39.744 [JavaFX Application Thread] DEBUG AssetLoaderService   - Loading from file system: /assets/textures/fxgl_icon.png
14:14:39.769 [JavaFX Application Thread] DEBUG AssetLoaderService   - Loading from file system: /assets/ui/cursors/fxgl_default.png
14:14:39.772 [JavaFX Application Thread] DEBUG Input                - Registered new binding: Screenshot - P
14:14:39.773 [JavaFX Application Thread] DEBUG Input                - Registered new binding: System info dump - CTRL+9
14:14:39.773 [JavaFX Application Thread] DEBUG Input                - Registered new binding: Restart - CTRL+R
14:14:39.774 [JavaFX Application Thread] DEBUG LoopRunner           - Starting loop
14:14:39.792 [JavaFX Application Thread] DEBUG FXGLStartupScene     - STARTUP
14:14:39.793 [JavaFX Application Thread] DEBUG WindowService        - Starting new game
14:14:39.796 [JavaFX Application Thread] DEBUG Input                - Clearing active input actions
14:14:39.818 [JavaFX Application Thread] DEBUG WindowService        - Removing overlay from FXGLStartupScene and adding to FXGLLoadingScene
14:14:39.818 [JavaFX Application Thread] DEBUG MainWindow           - FXGLStartupScene -> FXGLLoadingScene
14:14:39.818 [JavaFX Application Thread] DEBUG WindowService        - Clearing previous game
14:14:39.819 [JavaFX Application Thread] DEBUG GameScene            - Clearing game scene
14:14:39.819 [JavaFX Application Thread] DEBUG GameWorld            - Clearing game world
14:14:39.819 [JavaFX Application Thread] DEBUG PhysicsWorld         - Clearing physics world
14:14:39.820 [FXGL Background Thread 1 ] DEBUG GameApplication      - Initializing game
14:14:39.822 [FXGL Background Thread 1 ] INFO  GameApplication      - Game initialization took: 0.001 sec
14:14:39.870 [JavaFX Application Thread] DEBUG Input                - Clearing active input actions
14:14:39.883 [JavaFX Application Thread] DEBUG WindowService        - Removing overlay from FXGLLoadingScene and adding to GameScene
14:14:39.883 [JavaFX Application Thread] DEBUG MainWindow           - FXGLLoadingScene -> GameScene
14:14:41.068 [JavaFX Application Thread] DEBUG GameApplication      - Exiting FXGL
14:14:41.068 [JavaFX Application Thread] DEBUG LoopRunner           - Stopping loop
14:14:41.068 [JavaFX Application Thread] DEBUG SystemBundleService  - Saving FXGL system data
14:14:41.070 [JavaFX Application Thread] DEBUG FileSystemAccess     - Writing to: C:\Users\Katherine\IdeaProjects\Asteroids\system\fxgl.bundle
14:14:41.073 [JavaFX Application Thread] DEBUG GameApplication      - Shutting down background threads
14:14:41.073 [JavaFX Application Thread] DEBUG GameApplication      - Closing logger and exiting JavaFX
