13:35:48.066 [main                     ] DEBUG GameApplication      - Logger initialized
13:35:48.109 [main                     ] DEBUG GameApplication      - Logging settings
Title: Asteroids
Version: 0.1
Width: 800
Height: 600
Fullscreen: false
Intro: false
Menus: false
Profiling: false
Single step:false
App Mode: DEVELOPER
Menu Key: ESCAPE
Stage Style: DECORATED
Scene Factory: class com.almasb.fxgl.app.scene.SceneFactory

13:35:48.480 [JavaFX Application Thread] DEBUG GameApplication      - Initializing FXGL
13:35:48.499 [JavaFX Application Thread] INFO  Engine               - FXGL-11.8 (08.03.2020 09.09) on WINDOWS (J:11.0.6 FX:10.0.2-internal)
13:35:48.500 [JavaFX Application Thread] INFO  Engine               - Source code and latest versions at: https://github.com/AlmasB/FXGL
13:35:48.500 [JavaFX Application Thread] INFO  Engine               -              Join the FXGL chat at: https://gitter.im/AlmasB/FXGL
13:35:48.666 [JavaFX Application Thread] DEBUG MainWindow           - Creating a JavaFX scene
13:35:48.786 [JavaFX Application Thread] DEBUG MainWindow           - Target settings size: 800.0 x 600.0
13:35:48.786 [JavaFX Application Thread] DEBUG MainWindow           - Scaled scene size:    800.0 x 600.0
13:35:48.786 [JavaFX Application Thread] DEBUG MainWindow           - Scaled ratio: (1.0, 1.0)
13:35:48.787 [JavaFX Application Thread] DEBUG MainWindow           - Set initial scene to FXGLStartupScene
13:35:48.802 [JavaFX Application Thread] DEBUG MainWindow           - Opening main window
13:35:48.950 [JavaFX Application Thread] DEBUG MainWindow           - Window border size: (16.0, 39.0)
13:35:48.951 [JavaFX Application Thread] DEBUG MainWindow           - Scaled size: 800.0 x 600.0
13:35:48.951 [JavaFX Application Thread] DEBUG MainWindow           - Scaled ratio: (1.0, 1.0)
13:35:48.951 [JavaFX Application Thread] DEBUG MainWindow           - Scene size: 800.0 x 600.0
13:35:48.951 [JavaFX Application Thread] DEBUG MainWindow           - Stage size: 816.0 x 639.0
13:35:49.025 [FXGL Background Thread 1 ] DEBUG Engine               - Initializing environment variables
13:35:49.089 [FXGL Background Thread 1 ] DEBUG WindowService        - Applying CSS: fxgl_dark.css
13:35:49.090 [FXGL Background Thread 1 ] DEBUG AssetLoaderService   - Loading from file system: /assets/ui/css/fxgl_dark.css
13:35:49.174 [FXGL Background Thread 1 ] DEBUG WindowService        - Initializing application scenes
13:35:49.337 [FXGL Background Thread 1 ] DEBUG GameWorld            - Game world initialized
13:35:49.427 [FXGL Background Thread 1 ] DEBUG PhysicsWorld         - Physics world initialized: appHeight=600, physics.ppm=50.0
13:35:49.434 [FXGL Background Thread 1 ] DEBUG GameScene            - Game scene initialized: 800x600
13:35:49.449 [FXGL Background Thread 1 ] DEBUG Input                - Registered new binding: Resume - Esc
13:35:49.454 [FXGL Background Thread 1 ] DEBUG AssetLoaderService   - Loading from file system: /assets/textures/pause_menu_bg.png
13:35:49.525 [FXGL Background Thread 1 ] DEBUG Input                - Registered new binding: Pause - Esc
13:35:49.525 [FXGL Background Thread 1 ] DEBUG WindowService        - Application scenes initialized
13:35:49.541 [FXGL Background Thread 1 ] DEBUG SystemBundleService  - Loading FXGL system data
13:35:49.548 [FXGL Background Thread 1 ] DEBUG FileSystemAccess     - Reading from: C:\Users\Katherine\IdeaProjects\Asteroids\system\fxgl.bundle
13:35:49.559 [FXGL Background Thread 1 ] DEBUG SystemBundleService  - Bundle FXGL: {}
13:35:49.559 [FXGL Background Thread 1 ] INFO  Engine               - FXGL initialization took: 0.533 sec
13:35:49.562 [FXGL Background Thread 1 ] DEBUG GameApplication      - Loading localizations
13:35:49.563 [FXGL Background Thread 1 ] DEBUG AssetLoaderService   - Loading from file system: /assets/properties/languages/english.properties
13:35:49.566 [FXGL Background Thread 1 ] DEBUG AssetLoaderService   - Loading from file system: /assets/properties/languages/french.properties
13:35:49.569 [FXGL Background Thread 1 ] DEBUG AssetLoaderService   - Loading from file system: /assets/properties/languages/german.properties
13:35:49.571 [FXGL Background Thread 1 ] DEBUG AssetLoaderService   - Loading from file system: /assets/properties/languages/hungarian.properties
13:35:49.580 [FXGL Background Thread 1 ] DEBUG AssetLoaderService   - Loading from file system: /assets/properties/languages/russian.properties
13:35:49.584 [FXGL Background Thread 1 ] DEBUG GameApplication      - Registering font factories with UI factory
13:35:49.584 [FXGL Background Thread 1 ] DEBUG AssetLoaderService   - Loading from file system: /assets/ui/fonts/VarelaRound-Regular.ttf
13:35:49.953 [FXGL Background Thread 1 ] DEBUG AssetLoaderService   - Loading from file system: /assets/ui/fonts/Abel-Regular.ttf
13:35:49.959 [FXGL Background Thread 1 ] DEBUG AssetLoaderService   - Loading from file system: /assets/ui/fonts/lucida_console.ttf
13:35:49.967 [FXGL Background Thread 1 ] DEBUG AssetLoaderService   - Loading from file system: /assets/ui/fonts/Courier-Prime.ttf
13:35:49.977 [JavaFX Application Thread] DEBUG Input                - Registered new binding: Move Right - D
13:35:49.977 [JavaFX Application Thread] DEBUG Input                - Registered new binding: Move Left - A
13:35:49.978 [JavaFX Application Thread] DEBUG Input                - Registered new binding: Move Up - W
13:35:49.978 [JavaFX Application Thread] DEBUG Input                - Registered new binding: Move Down - S
13:35:49.978 [JavaFX Application Thread] DEBUG Input                - Registered new binding: Play Sound - Space
13:35:49.978 [JavaFX Application Thread] DEBUG AssetLoaderService   - Loading from file system: /assets/textures/fxgl_icon.png
13:35:50.005 [JavaFX Application Thread] DEBUG AssetLoaderService   - Loading from file system: /assets/ui/cursors/fxgl_default.png
13:35:50.009 [JavaFX Application Thread] DEBUG Input                - Registered new binding: Screenshot - P
13:35:50.010 [JavaFX Application Thread] DEBUG Input                - Registered new binding: System info dump - CTRL+9
13:35:50.013 [JavaFX Application Thread] DEBUG Input                - Registered new binding: Restart - CTRL+R
13:35:50.014 [JavaFX Application Thread] DEBUG LoopRunner           - Starting loop
13:35:50.036 [JavaFX Application Thread] DEBUG FXGLStartupScene     - STARTUP
13:35:50.037 [JavaFX Application Thread] DEBUG WindowService        - Starting new game
13:35:50.039 [JavaFX Application Thread] DEBUG Input                - Clearing active input actions
13:35:50.056 [JavaFX Application Thread] DEBUG WindowService        - Removing overlay from FXGLStartupScene and adding to FXGLLoadingScene
13:35:50.056 [JavaFX Application Thread] DEBUG MainWindow           - FXGLStartupScene -> FXGLLoadingScene
13:35:50.056 [JavaFX Application Thread] DEBUG WindowService        - Clearing previous game
13:35:50.056 [JavaFX Application Thread] DEBUG GameScene            - Clearing game scene
13:35:50.056 [JavaFX Application Thread] DEBUG GameWorld            - Clearing game world
13:35:50.057 [JavaFX Application Thread] DEBUG PhysicsWorld         - Clearing physics world
13:35:50.059 [FXGL Background Thread 1 ] DEBUG GameApplication      - Initializing game
13:35:50.067 [FXGL Background Thread 1 ] DEBUG AssetLoaderService   - Loading from file system: /assets/textures/spaceship.png
13:35:50.068 [FXGL Background Thread 1 ] WARN  AssetLoaderService   - Failed to load texture spaceship.png Error: java.lang.IllegalArgumentException: Asset "/assets/textures/spaceship.png" was not found!
13:35:50.233 [FXGL Background Thread 1 ] DEBUG AssetLoaderService   - Loading from file system: /assets/textures/user.png
13:35:50.234 [FXGL Background Thread 1 ] WARN  AssetLoaderService   - Failed to load texture user.png Error: java.lang.IllegalArgumentException: Asset "/assets/textures/user.png" was not found!
13:35:50.234 [FXGL Background Thread 1 ] INFO  GameApplication      - Game initialization took: 0.175 sec
13:35:50.267 [JavaFX Application Thread] DEBUG Input                - Clearing active input actions
13:35:50.282 [JavaFX Application Thread] DEBUG WindowService        - Removing overlay from FXGLLoadingScene and adding to GameScene
13:35:50.282 [JavaFX Application Thread] DEBUG MainWindow           - FXGLLoadingScene -> GameScene
13:35:52.562 [FXGL Background Thread 2 ] DEBUG Engine               - Logging environment variables
13:35:52.563 [FXGL Background Thread 2 ] DEBUG Engine               - achievements: []
13:35:52.563 [FXGL Background Thread 2 ] DEBUG Engine               - language: ObjectProperty [value: ENGLISH]
13:35:52.564 [FXGL Background Thread 2 ] DEBUG Engine               - isCloseConfirmation: false
13:35:52.565 [FXGL Background Thread 2 ] DEBUG Engine               - isProfilingEnabled: false
13:35:52.565 [FXGL Background Thread 2 ] DEBUG Engine               - soundNotification: core/notification.wav
13:35:52.566 [FXGL Background Thread 2 ] DEBUG Engine               - devShowBBoxProperty: BooleanProperty [value: false]
13:35:52.566 [FXGL Background Thread 2 ] DEBUG Engine               - pixelsPerMeter: 50.0
13:35:52.566 [FXGL Background Thread 2 ] DEBUG Engine               - appIcon: fxgl_icon.png
13:35:52.567 [FXGL Background Thread 2 ] DEBUG Engine               - soundMenuBack: menu/back.wav
13:35:52.567 [FXGL Background Thread 2 ] DEBUG Engine               - isFullScreenAllowed: false
13:35:52.567 [FXGL Background Thread 2 ] DEBUG Engine               - isIntroEnabled: false
13:35:52.568 [FXGL Background Thread 2 ] DEBUG Engine               - fontMono: lucida_console.ttf
13:35:52.568 [FXGL Background Thread 2 ] DEBUG Engine               - soundMenuSelect: menu/select.wav
13:35:52.568 [FXGL Background Thread 2 ] DEBUG Engine               - isWindows: true
13:35:52.569 [FXGL Background Thread 2 ] DEBUG Engine               - isMobile: false
13:35:52.569 [FXGL Background Thread 2 ] DEBUG Engine               - isUserProfileEnabled: false
13:35:52.569 [FXGL Background Thread 2 ] DEBUG Engine               - height: 600
13:35:52.570 [FXGL Background Thread 2 ] DEBUG Engine               - isExperimentalNative: false
13:35:52.570 [FXGL Background Thread 2 ] DEBUG Engine               - settings: Title: Asteroids
Version: 0.1
Width: 800
Height: 600
Fullscreen: false
Intro: false
Menus: false
Profiling: false
Single step:false
App Mode: DEVELOPER
Menu Key: ESCAPE
Stage Style: DECORATED
Scene Factory: class com.almasb.fxgl.app.scene.SceneFactory

13:35:52.570 [FXGL Background Thread 2 ] DEBUG Engine               - cSSList: [fxgl_dark.css]
13:35:52.571 [FXGL Background Thread 2 ] DEBUG Engine               - isSingleStep: false
13:35:52.571 [FXGL Background Thread 2 ] DEBUG Engine               - fontGame: Abel-Regular.ttf
13:35:52.571 [FXGL Background Thread 2 ] DEBUG Engine               - menuKey: ESCAPE
13:35:52.571 [FXGL Background Thread 2 ] DEBUG Engine               - devShowPositionProperty: BooleanProperty [value: false]
13:35:52.572 [FXGL Background Thread 2 ] DEBUG Engine               - versionCheckDays: 7
13:35:52.572 [FXGL Background Thread 2 ] DEBUG Engine               - configClass: Optional.empty
13:35:52.572 [FXGL Background Thread 2 ] DEBUG Engine               - isFullScreenFromStart: false
13:35:52.572 [FXGL Background Thread 2 ] DEBUG Engine               - version: 0.1
13:35:52.572 [FXGL Background Thread 2 ] DEBUG Engine               - fullScreen: BooleanProperty [value: false]
13:35:52.573 [FXGL Background Thread 2 ] DEBUG Engine               - randomSeed: -1
13:35:52.573 [FXGL Background Thread 2 ] DEBUG Engine               - gameDifficultyProperty: ObjectProperty [value: MEDIUM]
13:35:52.573 [FXGL Background Thread 2 ] DEBUG Engine               - applicationMode: DEVELOPER
13:35:52.574 [FXGL Background Thread 2 ] DEBUG Engine               - isMac: false
13:35:52.574 [FXGL Background Thread 2 ] DEBUG Engine               - isMenuEnabled: false
13:35:52.574 [FXGL Background Thread 2 ] DEBUG Engine               - urlPOM: https://raw.githubusercontent.com/AlmasB/FXGL/master/pom.xml
13:35:52.574 [FXGL Background Thread 2 ] DEBUG Engine               - profileName: StringProperty [value: DEFAULT]
13:35:52.574 [FXGL Background Thread 2 ] DEBUG Engine               - notificationViewClass: class com.almasb.fxgl.notification.view.XboxNotificationView
13:35:52.575 [FXGL Background Thread 2 ] DEBUG Engine               - devSensorColorProperty: ObjectProperty [value: 0xffff00ff]
13:35:52.575 [FXGL Background Thread 2 ] DEBUG Engine               - sceneFactory: com.almasb.fxgl.app.scene.SceneFactory@5b249a71
13:35:52.575 [FXGL Background Thread 2 ] DEBUG Engine               - stageStyle: DECORATED
13:35:52.576 [FXGL Background Thread 2 ] DEBUG Engine               - isManualResizeEnabled: false
13:35:52.576 [FXGL Background Thread 2 ] DEBUG Engine               - title: Asteroids
13:35:52.576 [FXGL Background Thread 2 ] DEBUG Engine               - platform: WINDOWS
13:35:52.576 [FXGL Background Thread 2 ] DEBUG Engine               - devBBoxColorProperty: ObjectProperty [value: 0xff0000ff]
13:35:52.576 [FXGL Background Thread 2 ] DEBUG Engine               - gameDifficulty: MEDIUM
13:35:52.577 [FXGL Background Thread 2 ] DEBUG Engine               - isDesktop: true
13:35:52.577 [FXGL Background Thread 2 ] DEBUG Engine               - supportedLanguages: [ENGLISH, FRENCH, GERMAN, HUNGARIAN, RUSSIAN]
13:35:52.577 [FXGL Background Thread 2 ] DEBUG Engine               - credits: []
13:35:52.577 [FXGL Background Thread 2 ] DEBUG Engine               - globalMusicVolumeProperty: DoubleProperty [value: 0.5]
13:35:52.577 [FXGL Background Thread 2 ] DEBUG Engine               - isPreserveResizeRatio: false
13:35:52.577 [FXGL Background Thread 2 ] DEBUG Engine               - fontText: Courier-Prime.ttf
13:35:52.578 [FXGL Background Thread 2 ] DEBUG Engine               - isExperimentalTiledLargeMap: false
13:35:52.578 [FXGL Background Thread 2 ] DEBUG Engine               - secondsIn24h: 60
13:35:52.578 [FXGL Background Thread 2 ] DEBUG Engine               - runtimeInfo: RuntimeInfo(platform=WINDOWS, version=11.8, build=08.03.2020 09.09)
13:35:52.578 [FXGL Background Thread 2 ] DEBUG Engine               - isLinux: false
13:35:52.578 [FXGL Background Thread 2 ] DEBUG Engine               - soundMenuPress: menu/press.wav
13:35:52.579 [FXGL Background Thread 2 ] DEBUG Engine               - urlGithub: https://github.com/AlmasB/FXGL
13:35:52.579 [FXGL Background Thread 2 ] DEBUG Engine               - profileDir: profiles/
13:35:52.579 [FXGL Background Thread 2 ] DEBUG Engine               - isDeveloperMenuEnabled: false
13:35:52.579 [FXGL Background Thread 2 ] DEBUG Engine               - globalSoundVolumeProperty: DoubleProperty [value: 0.5]
13:35:52.579 [FXGL Background Thread 2 ] DEBUG Engine               - mainWindow: com.almasb.fxgl.app.MainWindow@5f1b05cd
13:35:52.579 [FXGL Background Thread 2 ] DEBUG Engine               - isBrowser: false
13:35:52.580 [FXGL Background Thread 2 ] DEBUG Engine               - globalSoundVolume: 0.5
13:35:52.580 [FXGL Background Thread 2 ] DEBUG Engine               - urlLeaderboard: http://fxgl-top.herokuapp.com/
13:35:52.580 [FXGL Background Thread 2 ] DEBUG Engine               - engineServices: [class com.almasb.fxgl.app.GameApplication$GameApplicationService, class com.almasb.fxgl.app.services.WindowService, class com.almasb.fxgl.app.services.FXGLDialogService, class com.almasb.fxgl.app.services.IOTaskExecutorService, class com.almasb.fxgl.event.EventBusService, class com.almasb.fxgl.io.FileSystemService, class com.almasb.fxgl.localization.LocalizationService, class com.almasb.fxgl.app.services.AssetLoaderService, class com.almasb.fxgl.app.services.SystemBundleService, class com.almasb.fxgl.profile.SaveLoadService, class com.almasb.fxgl.ui.FXGLUIFactoryServiceProvider, class com.almasb.fxgl.ui.FXGLDialogFactoryServiceProvider, class com.almasb.fxgl.audio.AudioPlayer, class com.almasb.fxgl.notification.impl.NotificationServiceProvider, class com.almasb.fxgl.achievement.AchievementService, class com.almasb.fxgl.cutscene.CutsceneService, class com.almasb.fxgl.minigames.MiniGameService, class com.almasb.fxgl.net.NetService, class com.almasb.fxgl.app.services.UpdaterService]
13:35:52.580 [FXGL Background Thread 2 ] DEBUG Engine               - globalMusicVolume: 0.5
13:35:52.580 [FXGL Background Thread 2 ] DEBUG Engine               - width: 800
13:35:52.580 [FXGL Background Thread 2 ] DEBUG Engine               - saveFileExt: sav
13:35:52.581 [FXGL Background Thread 2 ] DEBUG Engine               - isAndroid: false
13:35:52.581 [FXGL Background Thread 2 ] DEBUG Engine               - fontUI: VarelaRound-Regular.ttf
13:35:52.581 [FXGL Background Thread 2 ] DEBUG Engine               - enabledMenuItems: []
13:35:52.581 [FXGL Background Thread 2 ] DEBUG Engine               - isIOS: false
13:35:52.582 [FXGL Background Thread 2 ] DEBUG Engine               - Logging services
13:35:52.582 [FXGL Background Thread 2 ] DEBUG Engine               - class com.almasb.fxgl.app.GameApplication$GameApplicationService
13:35:52.582 [FXGL Background Thread 2 ] DEBUG Engine               - class com.almasb.fxgl.app.services.WindowService
13:35:52.582 [FXGL Background Thread 2 ] DEBUG Engine               - class com.almasb.fxgl.app.services.FXGLDialogService
13:35:52.582 [FXGL Background Thread 2 ] DEBUG Engine               - class com.almasb.fxgl.app.services.IOTaskExecutorService
13:35:52.582 [FXGL Background Thread 2 ] DEBUG Engine               - class com.almasb.fxgl.event.EventBusService
13:35:52.582 [FXGL Background Thread 2 ] DEBUG Engine               - class com.almasb.fxgl.io.FileSystemService
13:35:52.582 [FXGL Background Thread 2 ] DEBUG Engine               - class com.almasb.fxgl.localization.LocalizationService
13:35:52.582 [FXGL Background Thread 2 ] DEBUG Engine               - class com.almasb.fxgl.app.services.AssetLoaderService
13:35:52.583 [FXGL Background Thread 2 ] DEBUG Engine               - class com.almasb.fxgl.app.services.SystemBundleService
13:35:52.583 [FXGL Background Thread 2 ] DEBUG Engine               - class com.almasb.fxgl.profile.SaveLoadService
13:35:52.583 [FXGL Background Thread 2 ] DEBUG Engine               - class com.almasb.fxgl.ui.FXGLUIFactoryServiceProvider
13:35:52.583 [FXGL Background Thread 2 ] DEBUG Engine               - class com.almasb.fxgl.ui.FXGLDialogFactoryServiceProvider
13:35:52.583 [FXGL Background Thread 2 ] DEBUG Engine               - class com.almasb.fxgl.audio.AudioPlayer
13:35:52.583 [FXGL Background Thread 2 ] DEBUG Engine               - class com.almasb.fxgl.notification.impl.NotificationServiceProvider
13:35:52.583 [FXGL Background Thread 2 ] DEBUG Engine               - class com.almasb.fxgl.achievement.AchievementService
13:35:52.583 [FXGL Background Thread 2 ] DEBUG Engine               - class com.almasb.fxgl.cutscene.CutsceneService
13:35:52.584 [FXGL Background Thread 2 ] DEBUG Engine               - class com.almasb.fxgl.minigames.MiniGameService
13:35:52.584 [FXGL Background Thread 2 ] DEBUG Engine               - class com.almasb.fxgl.net.NetService
13:35:52.584 [FXGL Background Thread 2 ] DEBUG Engine               - class com.almasb.fxgl.app.services.UpdaterService
13:36:00.551 [JavaFX Application Thread] DEBUG GameApplication      - Exiting FXGL
13:36:00.551 [JavaFX Application Thread] DEBUG LoopRunner           - Stopping loop
13:36:00.552 [JavaFX Application Thread] DEBUG SystemBundleService  - Saving FXGL system data
13:36:00.554 [JavaFX Application Thread] DEBUG FileSystemAccess     - Writing to: C:\Users\Katherine\IdeaProjects\Asteroids\system\fxgl.bundle
13:36:00.556 [JavaFX Application Thread] DEBUG GameApplication      - Shutting down background threads
13:36:00.556 [JavaFX Application Thread] DEBUG GameApplication      - Closing logger and exiting JavaFX
