15:31:45.225 [main                     ] DEBUG GameApplication      - Logger initialized
15:31:45.270 [main                     ] DEBUG GameApplication      - Logging settings
Title: Asteroids
Version: 0.1
Width: 800
Height: 600
Fullscreen: false
Intro: false
Menus: false
Profiling: false
Single step:false
App Mode: DEVELOPER
Menu Key: ESCAPE
Stage Style: DECORATED
Scene Factory: class com.almasb.fxgl.app.scene.SceneFactory

15:31:45.712 [JavaFX Application Thread] DEBUG GameApplication      - Initializing FXGL
15:31:45.728 [JavaFX Application Thread] INFO  Engine               - FXGL-11.8 (08.03.2020 09.09) on WINDOWS (J:11.0.6 FX:10.0.2-internal)
15:31:45.729 [JavaFX Application Thread] INFO  Engine               - Source code and latest versions at: https://github.com/AlmasB/FXGL
15:31:45.729 [JavaFX Application Thread] INFO  Engine               -              Join the FXGL chat at: https://gitter.im/AlmasB/FXGL
15:31:45.907 [JavaFX Application Thread] DEBUG MainWindow           - Creating a JavaFX scene
15:31:46.061 [JavaFX Application Thread] DEBUG MainWindow           - Target settings size: 800.0 x 600.0
15:31:46.062 [JavaFX Application Thread] DEBUG MainWindow           - Scaled scene size:    800.0 x 600.0
15:31:46.062 [JavaFX Application Thread] DEBUG MainWindow           - Scaled ratio: (1.0, 1.0)
15:31:46.065 [JavaFX Application Thread] DEBUG MainWindow           - Set initial scene to FXGLStartupScene
15:31:46.083 [JavaFX Application Thread] DEBUG MainWindow           - Opening main window
15:31:46.224 [JavaFX Application Thread] DEBUG MainWindow           - Window border size: (16.0, 39.0)
15:31:46.225 [JavaFX Application Thread] DEBUG MainWindow           - Scaled size: 800.0 x 600.0
15:31:46.225 [JavaFX Application Thread] DEBUG MainWindow           - Scaled ratio: (1.0, 1.0)
15:31:46.225 [JavaFX Application Thread] DEBUG MainWindow           - Scene size: 800.0 x 600.0
15:31:46.225 [JavaFX Application Thread] DEBUG MainWindow           - Stage size: 816.0 x 639.0
15:31:46.270 [FXGL Background Thread 1 ] DEBUG Engine               - Initializing environment variables
15:31:46.325 [FXGL Background Thread 1 ] DEBUG WindowService        - Applying CSS: fxgl_dark.css
15:31:46.326 [FXGL Background Thread 1 ] DEBUG AssetLoaderService   - Loading from file system: /assets/ui/css/fxgl_dark.css
15:31:46.408 [FXGL Background Thread 1 ] DEBUG WindowService        - Initializing application scenes
15:31:46.518 [FXGL Background Thread 1 ] DEBUG GameWorld            - Game world initialized
15:31:46.613 [FXGL Background Thread 1 ] DEBUG PhysicsWorld         - Physics world initialized: appHeight=600, physics.ppm=50.0
15:31:46.616 [FXGL Background Thread 1 ] DEBUG GameScene            - Game scene initialized: 800x600
15:31:46.631 [FXGL Background Thread 1 ] DEBUG Input                - Registered new binding: Resume - Esc
15:31:46.637 [FXGL Background Thread 1 ] DEBUG AssetLoaderService   - Loading from file system: /assets/textures/pause_menu_bg.png
15:31:46.713 [FXGL Background Thread 1 ] DEBUG Input                - Registered new binding: Pause - Esc
15:31:46.714 [FXGL Background Thread 1 ] DEBUG WindowService        - Application scenes initialized
15:31:46.730 [FXGL Background Thread 1 ] DEBUG SystemBundleService  - Loading FXGL system data
15:31:46.736 [FXGL Background Thread 1 ] DEBUG FileSystemAccess     - Reading from: C:\Users\Katherine\IdeaProjects\Asteroids\system\fxgl.bundle
15:31:46.747 [FXGL Background Thread 1 ] DEBUG SystemBundleService  - Bundle FXGL: {}
15:31:46.748 [FXGL Background Thread 1 ] INFO  Engine               - FXGL initialization took: 0.474 sec
15:31:46.750 [FXGL Background Thread 1 ] DEBUG GameApplication      - Loading localizations
15:31:46.751 [FXGL Background Thread 1 ] DEBUG AssetLoaderService   - Loading from file system: /assets/properties/languages/english.properties
15:31:46.756 [FXGL Background Thread 1 ] DEBUG AssetLoaderService   - Loading from file system: /assets/properties/languages/french.properties
15:31:46.764 [FXGL Background Thread 1 ] DEBUG AssetLoaderService   - Loading from file system: /assets/properties/languages/german.properties
15:31:46.766 [FXGL Background Thread 1 ] DEBUG AssetLoaderService   - Loading from file system: /assets/properties/languages/hungarian.properties
15:31:46.769 [FXGL Background Thread 1 ] DEBUG AssetLoaderService   - Loading from file system: /assets/properties/languages/russian.properties
15:31:46.771 [FXGL Background Thread 1 ] DEBUG GameApplication      - Registering font factories with UI factory
15:31:46.771 [FXGL Background Thread 1 ] DEBUG AssetLoaderService   - Loading from file system: /assets/ui/fonts/VarelaRound-Regular.ttf
15:31:47.164 [FXGL Background Thread 1 ] DEBUG AssetLoaderService   - Loading from file system: /assets/ui/fonts/Abel-Regular.ttf
15:31:47.170 [FXGL Background Thread 1 ] DEBUG AssetLoaderService   - Loading from file system: /assets/ui/fonts/lucida_console.ttf
15:31:47.178 [FXGL Background Thread 1 ] DEBUG AssetLoaderService   - Loading from file system: /assets/ui/fonts/Courier-Prime.ttf
15:31:47.187 [JavaFX Application Thread] DEBUG Input                - Registered new binding: Move Right - D
15:31:47.187 [JavaFX Application Thread] DEBUG Input                - Registered new binding: Move Left - A
15:31:47.187 [JavaFX Application Thread] DEBUG Input                - Registered new binding: Move Up - W
15:31:47.188 [JavaFX Application Thread] DEBUG Input                - Registered new binding: Move Down - S
15:31:47.188 [JavaFX Application Thread] DEBUG Input                - Registered new binding: Play Sound - Space
15:31:47.188 [JavaFX Application Thread] DEBUG AssetLoaderService   - Loading from file system: /assets/textures/fxgl_icon.png
15:31:47.216 [JavaFX Application Thread] DEBUG AssetLoaderService   - Loading from file system: /assets/ui/cursors/fxgl_default.png
15:31:47.220 [JavaFX Application Thread] DEBUG Input                - Registered new binding: Screenshot - P
15:31:47.220 [JavaFX Application Thread] DEBUG Input                - Registered new binding: System info dump - CTRL+9
15:31:47.221 [JavaFX Application Thread] DEBUG Input                - Registered new binding: Restart - CTRL+R
15:31:47.222 [JavaFX Application Thread] DEBUG LoopRunner           - Starting loop
15:31:47.243 [JavaFX Application Thread] DEBUG FXGLStartupScene     - STARTUP
15:31:47.243 [JavaFX Application Thread] DEBUG WindowService        - Starting new game
15:31:47.246 [JavaFX Application Thread] DEBUG Input                - Clearing active input actions
15:31:47.267 [JavaFX Application Thread] DEBUG WindowService        - Removing overlay from FXGLStartupScene and adding to FXGLLoadingScene
15:31:47.268 [JavaFX Application Thread] DEBUG MainWindow           - FXGLStartupScene -> FXGLLoadingScene
15:31:47.268 [JavaFX Application Thread] DEBUG WindowService        - Clearing previous game
15:31:47.268 [JavaFX Application Thread] DEBUG GameScene            - Clearing game scene
15:31:47.268 [JavaFX Application Thread] DEBUG GameWorld            - Clearing game world
15:31:47.269 [JavaFX Application Thread] DEBUG PhysicsWorld         - Clearing physics world
15:31:47.271 [FXGL Background Thread 1 ] DEBUG GameApplication      - Initializing game
15:31:47.280 [FXGL Background Thread 1 ] DEBUG AssetLoaderService   - Loading from file system: /assets/textures/spaceship.png
15:31:47.281 [FXGL Background Thread 1 ] WARN  AssetLoaderService   - Failed to load texture spaceship.png Error: java.lang.IllegalArgumentException: Asset "/assets/textures/spaceship.png" was not found!
15:31:47.444 [FXGL Background Thread 1 ] DEBUG AssetLoaderService   - Loading from file system: /assets/textures/user.png
15:31:47.445 [FXGL Background Thread 1 ] WARN  AssetLoaderService   - Failed to load texture user.png Error: java.lang.IllegalArgumentException: Asset "/assets/textures/user.png" was not found!
15:31:47.445 [FXGL Background Thread 1 ] INFO  GameApplication      - Game initialization took: 0.175 sec
15:31:47.447 [JavaFX Application Thread] DEBUG Input                - Clearing active input actions
15:31:47.462 [JavaFX Application Thread] DEBUG WindowService        - Removing overlay from FXGLLoadingScene and adding to GameScene
15:31:47.462 [JavaFX Application Thread] DEBUG MainWindow           - FXGLLoadingScene -> GameScene
15:31:49.750 [FXGL Background Thread 2 ] DEBUG Engine               - Logging environment variables
15:31:49.750 [FXGL Background Thread 2 ] DEBUG Engine               - achievements: []
15:31:49.750 [FXGL Background Thread 2 ] DEBUG Engine               - language: ObjectProperty [value: ENGLISH]
15:31:49.750 [FXGL Background Thread 2 ] DEBUG Engine               - isCloseConfirmation: false
15:31:49.750 [FXGL Background Thread 2 ] DEBUG Engine               - isProfilingEnabled: false
15:31:49.750 [FXGL Background Thread 2 ] DEBUG Engine               - soundNotification: core/notification.wav
15:31:49.751 [FXGL Background Thread 2 ] DEBUG Engine               - devShowBBoxProperty: BooleanProperty [value: false]
15:31:49.751 [FXGL Background Thread 2 ] DEBUG Engine               - pixelsPerMeter: 50.0
15:31:49.751 [FXGL Background Thread 2 ] DEBUG Engine               - soundMenuBack: menu/back.wav
15:31:49.751 [FXGL Background Thread 2 ] DEBUG Engine               - appIcon: fxgl_icon.png
15:31:49.751 [FXGL Background Thread 2 ] DEBUG Engine               - isFullScreenAllowed: false
15:31:49.751 [FXGL Background Thread 2 ] DEBUG Engine               - isIntroEnabled: false
15:31:49.751 [FXGL Background Thread 2 ] DEBUG Engine               - fontMono: lucida_console.ttf
15:31:49.751 [FXGL Background Thread 2 ] DEBUG Engine               - soundMenuSelect: menu/select.wav
15:31:49.751 [FXGL Background Thread 2 ] DEBUG Engine               - isWindows: true
15:31:49.752 [FXGL Background Thread 2 ] DEBUG Engine               - isUserProfileEnabled: false
15:31:49.752 [FXGL Background Thread 2 ] DEBUG Engine               - isMobile: false
15:31:49.752 [FXGL Background Thread 2 ] DEBUG Engine               - height: 600
15:31:49.752 [FXGL Background Thread 2 ] DEBUG Engine               - isExperimentalNative: false
15:31:49.752 [FXGL Background Thread 2 ] DEBUG Engine               - settings: Title: Asteroids
Version: 0.1
Width: 800
Height: 600
Fullscreen: false
Intro: false
Menus: false
Profiling: false
Single step:false
App Mode: DEVELOPER
Menu Key: ESCAPE
Stage Style: DECORATED
Scene Factory: class com.almasb.fxgl.app.scene.SceneFactory

15:31:49.752 [FXGL Background Thread 2 ] DEBUG Engine               - isSingleStep: false
15:31:49.752 [FXGL Background Thread 2 ] DEBUG Engine               - cSSList: [fxgl_dark.css]
15:31:49.752 [FXGL Background Thread 2 ] DEBUG Engine               - fontGame: Abel-Regular.ttf
15:31:49.752 [FXGL Background Thread 2 ] DEBUG Engine               - menuKey: ESCAPE
15:31:49.752 [FXGL Background Thread 2 ] DEBUG Engine               - devShowPositionProperty: BooleanProperty [value: false]
15:31:49.753 [FXGL Background Thread 2 ] DEBUG Engine               - versionCheckDays: 7
15:31:49.753 [FXGL Background Thread 2 ] DEBUG Engine               - configClass: Optional.empty
15:31:49.753 [FXGL Background Thread 2 ] DEBUG Engine               - isFullScreenFromStart: false
15:31:49.753 [FXGL Background Thread 2 ] DEBUG Engine               - version: 0.1
15:31:49.753 [FXGL Background Thread 2 ] DEBUG Engine               - fullScreen: BooleanProperty [value: false]
15:31:49.753 [FXGL Background Thread 2 ] DEBUG Engine               - randomSeed: -1
15:31:49.753 [FXGL Background Thread 2 ] DEBUG Engine               - gameDifficultyProperty: ObjectProperty [value: MEDIUM]
15:31:49.753 [FXGL Background Thread 2 ] DEBUG Engine               - applicationMode: DEVELOPER
15:31:49.753 [FXGL Background Thread 2 ] DEBUG Engine               - isMac: false
15:31:49.753 [FXGL Background Thread 2 ] DEBUG Engine               - isMenuEnabled: false
15:31:49.754 [FXGL Background Thread 2 ] DEBUG Engine               - urlPOM: https://raw.githubusercontent.com/AlmasB/FXGL/master/pom.xml
15:31:49.754 [FXGL Background Thread 2 ] DEBUG Engine               - profileName: StringProperty [value: DEFAULT]
15:31:49.754 [FXGL Background Thread 2 ] DEBUG Engine               - notificationViewClass: class com.almasb.fxgl.notification.view.XboxNotificationView
15:31:49.754 [FXGL Background Thread 2 ] DEBUG Engine               - devSensorColorProperty: ObjectProperty [value: 0xffff00ff]
15:31:49.754 [FXGL Background Thread 2 ] DEBUG Engine               - sceneFactory: com.almasb.fxgl.app.scene.SceneFactory@4fa3af14
15:31:49.754 [FXGL Background Thread 2 ] DEBUG Engine               - stageStyle: DECORATED
15:31:49.754 [FXGL Background Thread 2 ] DEBUG Engine               - isManualResizeEnabled: false
15:31:49.755 [FXGL Background Thread 2 ] DEBUG Engine               - title: Asteroids
15:31:49.755 [FXGL Background Thread 2 ] DEBUG Engine               - platform: WINDOWS
15:31:49.755 [FXGL Background Thread 2 ] DEBUG Engine               - devBBoxColorProperty: ObjectProperty [value: 0xff0000ff]
15:31:49.755 [FXGL Background Thread 2 ] DEBUG Engine               - gameDifficulty: MEDIUM
15:31:49.755 [FXGL Background Thread 2 ] DEBUG Engine               - isDesktop: true
15:31:49.755 [FXGL Background Thread 2 ] DEBUG Engine               - supportedLanguages: [ENGLISH, FRENCH, GERMAN, HUNGARIAN, RUSSIAN]
15:31:49.755 [FXGL Background Thread 2 ] DEBUG Engine               - credits: []
15:31:49.756 [FXGL Background Thread 2 ] DEBUG Engine               - globalMusicVolumeProperty: DoubleProperty [value: 0.5]
15:31:49.756 [FXGL Background Thread 2 ] DEBUG Engine               - isPreserveResizeRatio: false
15:31:49.756 [FXGL Background Thread 2 ] DEBUG Engine               - fontText: Courier-Prime.ttf
15:31:49.756 [FXGL Background Thread 2 ] DEBUG Engine               - isExperimentalTiledLargeMap: false
15:31:49.757 [FXGL Background Thread 2 ] DEBUG Engine               - secondsIn24h: 60
15:31:49.757 [FXGL Background Thread 2 ] DEBUG Engine               - runtimeInfo: RuntimeInfo(platform=WINDOWS, version=11.8, build=08.03.2020 09.09)
15:31:49.757 [FXGL Background Thread 2 ] DEBUG Engine               - soundMenuPress: menu/press.wav
15:31:49.757 [FXGL Background Thread 2 ] DEBUG Engine               - urlGithub: https://github.com/AlmasB/FXGL
15:31:49.757 [FXGL Background Thread 2 ] DEBUG Engine               - isLinux: false
15:31:49.757 [FXGL Background Thread 2 ] DEBUG Engine               - profileDir: profiles/
15:31:49.757 [FXGL Background Thread 2 ] DEBUG Engine               - isDeveloperMenuEnabled: false
15:31:49.757 [FXGL Background Thread 2 ] DEBUG Engine               - globalSoundVolumeProperty: DoubleProperty [value: 0.5]
15:31:49.758 [FXGL Background Thread 2 ] DEBUG Engine               - mainWindow: com.almasb.fxgl.app.MainWindow@4b9c2238
15:31:49.758 [FXGL Background Thread 2 ] DEBUG Engine               - urlLeaderboard: http://fxgl-top.herokuapp.com/
15:31:49.758 [FXGL Background Thread 2 ] DEBUG Engine               - globalSoundVolume: 0.5
15:31:49.758 [FXGL Background Thread 2 ] DEBUG Engine               - isBrowser: false
15:31:49.758 [FXGL Background Thread 2 ] DEBUG Engine               - engineServices: [class com.almasb.fxgl.app.GameApplication$GameApplicationService, class com.almasb.fxgl.app.services.WindowService, class com.almasb.fxgl.app.services.FXGLDialogService, class com.almasb.fxgl.app.services.IOTaskExecutorService, class com.almasb.fxgl.event.EventBusService, class com.almasb.fxgl.io.FileSystemService, class com.almasb.fxgl.localization.LocalizationService, class com.almasb.fxgl.app.services.AssetLoaderService, class com.almasb.fxgl.app.services.SystemBundleService, class com.almasb.fxgl.profile.SaveLoadService, class com.almasb.fxgl.ui.FXGLUIFactoryServiceProvider, class com.almasb.fxgl.ui.FXGLDialogFactoryServiceProvider, class com.almasb.fxgl.audio.AudioPlayer, class com.almasb.fxgl.notification.impl.NotificationServiceProvider, class com.almasb.fxgl.achievement.AchievementService, class com.almasb.fxgl.cutscene.CutsceneService, class com.almasb.fxgl.minigames.MiniGameService, class com.almasb.fxgl.net.NetService, class com.almasb.fxgl.app.services.UpdaterService]
15:31:49.758 [FXGL Background Thread 2 ] DEBUG Engine               - globalMusicVolume: 0.5
15:31:49.758 [FXGL Background Thread 2 ] DEBUG Engine               - width: 800
15:31:49.758 [FXGL Background Thread 2 ] DEBUG Engine               - saveFileExt: sav
15:31:49.758 [FXGL Background Thread 2 ] DEBUG Engine               - isAndroid: false
15:31:49.758 [FXGL Background Thread 2 ] DEBUG Engine               - fontUI: VarelaRound-Regular.ttf
15:31:49.789 [FXGL Background Thread 2 ] DEBUG Engine               - enabledMenuItems: []
15:31:49.789 [FXGL Background Thread 2 ] DEBUG Engine               - isIOS: false
15:31:49.789 [FXGL Background Thread 2 ] DEBUG Engine               - Logging services
15:31:49.789 [FXGL Background Thread 2 ] DEBUG Engine               - class com.almasb.fxgl.app.GameApplication$GameApplicationService
15:31:49.789 [FXGL Background Thread 2 ] DEBUG Engine               - class com.almasb.fxgl.app.services.WindowService
15:31:49.789 [FXGL Background Thread 2 ] DEBUG Engine               - class com.almasb.fxgl.app.services.FXGLDialogService
15:31:49.789 [FXGL Background Thread 2 ] DEBUG Engine               - class com.almasb.fxgl.app.services.IOTaskExecutorService
15:31:49.789 [FXGL Background Thread 2 ] DEBUG Engine               - class com.almasb.fxgl.event.EventBusService
15:31:49.790 [FXGL Background Thread 2 ] DEBUG Engine               - class com.almasb.fxgl.io.FileSystemService
15:31:49.790 [FXGL Background Thread 2 ] DEBUG Engine               - class com.almasb.fxgl.localization.LocalizationService
15:31:49.790 [FXGL Background Thread 2 ] DEBUG Engine               - class com.almasb.fxgl.app.services.AssetLoaderService
15:31:49.791 [FXGL Background Thread 2 ] DEBUG Engine               - class com.almasb.fxgl.app.services.SystemBundleService
15:31:49.791 [FXGL Background Thread 2 ] DEBUG Engine               - class com.almasb.fxgl.profile.SaveLoadService
15:31:49.791 [FXGL Background Thread 2 ] DEBUG Engine               - class com.almasb.fxgl.ui.FXGLUIFactoryServiceProvider
15:31:49.791 [FXGL Background Thread 2 ] DEBUG Engine               - class com.almasb.fxgl.ui.FXGLDialogFactoryServiceProvider
15:31:49.791 [FXGL Background Thread 2 ] DEBUG Engine               - class com.almasb.fxgl.audio.AudioPlayer
15:31:49.791 [FXGL Background Thread 2 ] DEBUG Engine               - class com.almasb.fxgl.notification.impl.NotificationServiceProvider
15:31:49.791 [FXGL Background Thread 2 ] DEBUG Engine               - class com.almasb.fxgl.achievement.AchievementService
15:31:49.791 [FXGL Background Thread 2 ] DEBUG Engine               - class com.almasb.fxgl.cutscene.CutsceneService
15:31:49.791 [FXGL Background Thread 2 ] DEBUG Engine               - class com.almasb.fxgl.minigames.MiniGameService
15:31:49.791 [FXGL Background Thread 2 ] DEBUG Engine               - class com.almasb.fxgl.net.NetService
15:31:49.792 [FXGL Background Thread 2 ] DEBUG Engine               - class com.almasb.fxgl.app.services.UpdaterService
15:31:55.016 [JavaFX Application Thread] DEBUG GameApplication      - Exiting FXGL
15:31:55.016 [JavaFX Application Thread] DEBUG LoopRunner           - Stopping loop
15:31:55.017 [JavaFX Application Thread] DEBUG SystemBundleService  - Saving FXGL system data
15:31:55.019 [JavaFX Application Thread] DEBUG FileSystemAccess     - Writing to: C:\Users\Katherine\IdeaProjects\Asteroids\system\fxgl.bundle
15:31:55.021 [JavaFX Application Thread] DEBUG GameApplication      - Shutting down background threads
15:31:55.021 [JavaFX Application Thread] DEBUG GameApplication      - Closing logger and exiting JavaFX
