15:40:08.481 [main                     ] DEBUG GameApplication      - Logger initialized
15:40:08.566 [main                     ] DEBUG GameApplication      - Logging settings
Title: Asteroids
Version: 0.1
Width: 800
Height: 600
Fullscreen: false
Intro: false
Menus: false
Profiling: false
Single step:false
App Mode: DEVELOPER
Menu Key: ESCAPE
Stage Style: DECORATED
Scene Factory: class com.almasb.fxgl.app.scene.SceneFactory

15:40:09.422 [JavaFX Application Thread] DEBUG GameApplication      - Initializing FXGL
15:40:09.449 [JavaFX Application Thread] INFO  Engine               - FXGL-11.8 (08.03.2020 09.09) on WINDOWS (J:11.0.6 FX:10.0.2-internal)
15:40:09.450 [JavaFX Application Thread] INFO  Engine               - Source code and latest versions at: https://github.com/AlmasB/FXGL
15:40:09.451 [JavaFX Application Thread] INFO  Engine               -              Join the FXGL chat at: https://gitter.im/AlmasB/FXGL
15:40:09.815 [JavaFX Application Thread] DEBUG MainWindow           - Creating a JavaFX scene
15:40:10.045 [JavaFX Application Thread] DEBUG MainWindow           - Target settings size: 800.0 x 600.0
15:40:10.046 [JavaFX Application Thread] DEBUG MainWindow           - Scaled scene size:    800.0 x 600.0
15:40:10.049 [JavaFX Application Thread] DEBUG MainWindow           - Scaled ratio: (1.0, 1.0)
15:40:10.053 [JavaFX Application Thread] DEBUG MainWindow           - Set initial scene to FXGLStartupScene
15:40:10.087 [JavaFX Application Thread] DEBUG MainWindow           - Opening main window
15:40:10.363 [JavaFX Application Thread] DEBUG MainWindow           - Window border size: (16.0, 39.0)
15:40:10.363 [JavaFX Application Thread] DEBUG MainWindow           - Scaled size: 800.0 x 600.0
15:40:10.364 [JavaFX Application Thread] DEBUG MainWindow           - Scaled ratio: (1.0, 1.0)
15:40:10.364 [JavaFX Application Thread] DEBUG MainWindow           - Scene size: 800.0 x 600.0
15:40:10.364 [JavaFX Application Thread] DEBUG MainWindow           - Stage size: 816.0 x 639.0
15:40:10.462 [FXGL Background Thread 1 ] DEBUG Engine               - Initializing environment variables
15:40:10.529 [FXGL Background Thread 1 ] DEBUG WindowService        - Applying CSS: fxgl_dark.css
15:40:10.530 [FXGL Background Thread 1 ] DEBUG AssetLoaderService   - Loading from file system: /assets/ui/css/fxgl_dark.css
15:40:10.655 [FXGL Background Thread 1 ] DEBUG WindowService        - Initializing application scenes
15:40:10.908 [FXGL Background Thread 1 ] DEBUG GameWorld            - Game world initialized
15:40:11.032 [FXGL Background Thread 1 ] DEBUG PhysicsWorld         - Physics world initialized: appHeight=600, physics.ppm=50.0
15:40:11.036 [FXGL Background Thread 1 ] DEBUG GameScene            - Game scene initialized: 800x600
15:40:11.062 [FXGL Background Thread 1 ] DEBUG Input                - Registered new binding: Resume - Esc
15:40:11.072 [FXGL Background Thread 1 ] DEBUG AssetLoaderService   - Loading from file system: /assets/textures/pause_menu_bg.png
15:40:11.198 [FXGL Background Thread 1 ] DEBUG Input                - Registered new binding: Pause - Esc
15:40:11.198 [FXGL Background Thread 1 ] DEBUG WindowService        - Application scenes initialized
15:40:11.222 [FXGL Background Thread 1 ] DEBUG SystemBundleService  - Loading FXGL system data
15:40:11.232 [FXGL Background Thread 1 ] DEBUG FileSystemAccess     - Reading from: C:\Users\Katherine\IdeaProjects\Asteroids\system\fxgl.bundle
15:40:11.247 [FXGL Background Thread 1 ] DEBUG SystemBundleService  - Bundle FXGL: {}
15:40:11.247 [FXGL Background Thread 1 ] INFO  Engine               - FXGL initialization took: 0.781 sec
15:40:11.250 [FXGL Background Thread 1 ] DEBUG GameApplication      - Loading localizations
15:40:11.252 [FXGL Background Thread 1 ] DEBUG AssetLoaderService   - Loading from file system: /assets/properties/languages/english.properties
15:40:11.255 [FXGL Background Thread 1 ] DEBUG AssetLoaderService   - Loading from file system: /assets/properties/languages/french.properties
15:40:11.258 [FXGL Background Thread 1 ] DEBUG AssetLoaderService   - Loading from file system: /assets/properties/languages/german.properties
15:40:11.261 [FXGL Background Thread 1 ] DEBUG AssetLoaderService   - Loading from file system: /assets/properties/languages/hungarian.properties
15:40:11.264 [FXGL Background Thread 1 ] DEBUG AssetLoaderService   - Loading from file system: /assets/properties/languages/russian.properties
15:40:11.267 [FXGL Background Thread 1 ] DEBUG GameApplication      - Registering font factories with UI factory
15:40:11.268 [FXGL Background Thread 1 ] DEBUG AssetLoaderService   - Loading from file system: /assets/ui/fonts/VarelaRound-Regular.ttf
15:40:12.719 [FXGL Background Thread 1 ] DEBUG AssetLoaderService   - Loading from file system: /assets/ui/fonts/Abel-Regular.ttf
15:40:12.741 [FXGL Background Thread 1 ] DEBUG AssetLoaderService   - Loading from file system: /assets/ui/fonts/lucida_console.ttf
15:40:12.766 [FXGL Background Thread 1 ] DEBUG AssetLoaderService   - Loading from file system: /assets/ui/fonts/Courier-Prime.ttf
15:40:12.781 [JavaFX Application Thread] DEBUG Input                - Registered new binding: Move Right - D
15:40:12.782 [JavaFX Application Thread] DEBUG Input                - Registered new binding: Move Left - A
15:40:12.782 [JavaFX Application Thread] DEBUG Input                - Registered new binding: Move Up - W
15:40:12.783 [JavaFX Application Thread] DEBUG Input                - Registered new binding: Move Down - S
15:40:12.783 [JavaFX Application Thread] DEBUG Input                - Registered new binding: Play Sound - Space
15:40:12.783 [JavaFX Application Thread] DEBUG AssetLoaderService   - Loading from file system: /assets/textures/fxgl_icon.png
15:40:12.824 [JavaFX Application Thread] DEBUG AssetLoaderService   - Loading from file system: /assets/ui/cursors/fxgl_default.png
15:40:12.829 [JavaFX Application Thread] DEBUG Input                - Registered new binding: Screenshot - P
15:40:12.830 [JavaFX Application Thread] DEBUG Input                - Registered new binding: System info dump - CTRL+9
15:40:12.831 [JavaFX Application Thread] DEBUG Input                - Registered new binding: Restart - CTRL+R
15:40:12.833 [JavaFX Application Thread] DEBUG LoopRunner           - Starting loop
15:40:12.855 [JavaFX Application Thread] DEBUG FXGLStartupScene     - STARTUP
15:40:12.856 [JavaFX Application Thread] DEBUG WindowService        - Starting new game
15:40:12.860 [JavaFX Application Thread] DEBUG Input                - Clearing active input actions
15:40:12.883 [JavaFX Application Thread] DEBUG WindowService        - Removing overlay from FXGLStartupScene and adding to FXGLLoadingScene
15:40:12.883 [JavaFX Application Thread] DEBUG MainWindow           - FXGLStartupScene -> FXGLLoadingScene
15:40:12.883 [JavaFX Application Thread] DEBUG WindowService        - Clearing previous game
15:40:12.884 [JavaFX Application Thread] DEBUG GameScene            - Clearing game scene
15:40:12.884 [JavaFX Application Thread] DEBUG GameWorld            - Clearing game world
15:40:12.884 [JavaFX Application Thread] DEBUG PhysicsWorld         - Clearing physics world
15:40:12.888 [FXGL Background Thread 1 ] DEBUG GameApplication      - Initializing game
15:40:12.906 [FXGL Background Thread 1 ] DEBUG AssetLoaderService   - Loading from file system: /assets/textures/spaceship.png
15:40:12.907 [FXGL Background Thread 1 ] WARN  AssetLoaderService   - Failed to load texture spaceship.png Error: java.lang.IllegalArgumentException: Asset "/assets/textures/spaceship.png" was not found!
15:40:13.139 [FXGL Background Thread 1 ] DEBUG AssetLoaderService   - Loading from file system: /assets/textures/user.png
15:40:13.140 [FXGL Background Thread 1 ] WARN  AssetLoaderService   - Failed to load texture user.png Error: java.lang.IllegalArgumentException: Asset "/assets/textures/user.png" was not found!
15:40:13.141 [FXGL Background Thread 1 ] INFO  GameApplication      - Game initialization took: 0.252 sec
15:40:13.191 [JavaFX Application Thread] DEBUG Input                - Clearing active input actions
15:40:13.218 [JavaFX Application Thread] DEBUG WindowService        - Removing overlay from FXGLLoadingScene and adding to GameScene
15:40:13.218 [JavaFX Application Thread] DEBUG MainWindow           - FXGLLoadingScene -> GameScene
15:40:14.249 [FXGL Background Thread 2 ] DEBUG Engine               - Logging environment variables
15:40:14.249 [FXGL Background Thread 2 ] DEBUG Engine               - achievements: []
15:40:14.249 [FXGL Background Thread 2 ] DEBUG Engine               - language: ObjectProperty [value: ENGLISH]
15:40:14.249 [FXGL Background Thread 2 ] DEBUG Engine               - isCloseConfirmation: false
15:40:14.249 [FXGL Background Thread 2 ] DEBUG Engine               - isProfilingEnabled: false
15:40:14.250 [FXGL Background Thread 2 ] DEBUG Engine               - soundNotification: core/notification.wav
15:40:14.250 [FXGL Background Thread 2 ] DEBUG Engine               - devShowBBoxProperty: BooleanProperty [value: false]
15:40:14.250 [FXGL Background Thread 2 ] DEBUG Engine               - pixelsPerMeter: 50.0
15:40:14.250 [FXGL Background Thread 2 ] DEBUG Engine               - appIcon: fxgl_icon.png
15:40:14.250 [FXGL Background Thread 2 ] DEBUG Engine               - soundMenuBack: menu/back.wav
15:40:14.250 [FXGL Background Thread 2 ] DEBUG Engine               - isFullScreenAllowed: false
15:40:14.251 [FXGL Background Thread 2 ] DEBUG Engine               - isIntroEnabled: false
15:40:14.251 [FXGL Background Thread 2 ] DEBUG Engine               - fontMono: lucida_console.ttf
15:40:14.251 [FXGL Background Thread 2 ] DEBUG Engine               - soundMenuSelect: menu/select.wav
15:40:14.251 [FXGL Background Thread 2 ] DEBUG Engine               - isWindows: true
15:40:14.251 [FXGL Background Thread 2 ] DEBUG Engine               - isMobile: false
15:40:14.252 [FXGL Background Thread 2 ] DEBUG Engine               - isUserProfileEnabled: false
15:40:14.252 [FXGL Background Thread 2 ] DEBUG Engine               - height: 600
15:40:14.252 [FXGL Background Thread 2 ] DEBUG Engine               - isExperimentalNative: false
15:40:14.252 [FXGL Background Thread 2 ] DEBUG Engine               - settings: Title: Asteroids
Version: 0.1
Width: 800
Height: 600
Fullscreen: false
Intro: false
Menus: false
Profiling: false
Single step:false
App Mode: DEVELOPER
Menu Key: ESCAPE
Stage Style: DECORATED
Scene Factory: class com.almasb.fxgl.app.scene.SceneFactory

15:40:14.253 [FXGL Background Thread 2 ] DEBUG Engine               - isSingleStep: false
15:40:14.253 [FXGL Background Thread 2 ] DEBUG Engine               - cSSList: [fxgl_dark.css]
15:40:14.253 [FXGL Background Thread 2 ] DEBUG Engine               - fontGame: Abel-Regular.ttf
15:40:14.253 [FXGL Background Thread 2 ] DEBUG Engine               - menuKey: ESCAPE
15:40:14.253 [FXGL Background Thread 2 ] DEBUG Engine               - devShowPositionProperty: BooleanProperty [value: false]
15:40:14.254 [FXGL Background Thread 2 ] DEBUG Engine               - versionCheckDays: 7
15:40:14.254 [FXGL Background Thread 2 ] DEBUG Engine               - configClass: Optional.empty
15:40:14.255 [FXGL Background Thread 2 ] DEBUG Engine               - isFullScreenFromStart: false
15:40:14.255 [FXGL Background Thread 2 ] DEBUG Engine               - version: 0.1
15:40:14.255 [FXGL Background Thread 2 ] DEBUG Engine               - fullScreen: BooleanProperty [value: false]
15:40:14.255 [FXGL Background Thread 2 ] DEBUG Engine               - randomSeed: -1
15:40:14.256 [FXGL Background Thread 2 ] DEBUG Engine               - gameDifficultyProperty: ObjectProperty [value: MEDIUM]
15:40:14.256 [FXGL Background Thread 2 ] DEBUG Engine               - applicationMode: DEVELOPER
15:40:14.256 [FXGL Background Thread 2 ] DEBUG Engine               - isMac: false
15:40:14.256 [FXGL Background Thread 2 ] DEBUG Engine               - isMenuEnabled: false
15:40:14.256 [FXGL Background Thread 2 ] DEBUG Engine               - urlPOM: https://raw.githubusercontent.com/AlmasB/FXGL/master/pom.xml
15:40:14.256 [FXGL Background Thread 2 ] DEBUG Engine               - profileName: StringProperty [value: DEFAULT]
15:40:14.256 [FXGL Background Thread 2 ] DEBUG Engine               - notificationViewClass: class com.almasb.fxgl.notification.view.XboxNotificationView
15:40:14.257 [FXGL Background Thread 2 ] DEBUG Engine               - devSensorColorProperty: ObjectProperty [value: 0xffff00ff]
15:40:14.257 [FXGL Background Thread 2 ] DEBUG Engine               - sceneFactory: com.almasb.fxgl.app.scene.SceneFactory@28faf89f
15:40:14.257 [FXGL Background Thread 2 ] DEBUG Engine               - stageStyle: DECORATED
15:40:14.257 [FXGL Background Thread 2 ] DEBUG Engine               - isManualResizeEnabled: false
15:40:14.258 [FXGL Background Thread 2 ] DEBUG Engine               - title: Asteroids
15:40:14.258 [FXGL Background Thread 2 ] DEBUG Engine               - platform: WINDOWS
15:40:14.258 [FXGL Background Thread 2 ] DEBUG Engine               - devBBoxColorProperty: ObjectProperty [value: 0xff0000ff]
15:40:14.258 [FXGL Background Thread 2 ] DEBUG Engine               - gameDifficulty: MEDIUM
15:40:14.258 [FXGL Background Thread 2 ] DEBUG Engine               - isDesktop: true
15:40:14.258 [FXGL Background Thread 2 ] DEBUG Engine               - supportedLanguages: [ENGLISH, FRENCH, GERMAN, HUNGARIAN, RUSSIAN]
15:40:14.259 [FXGL Background Thread 2 ] DEBUG Engine               - credits: []
15:40:14.259 [FXGL Background Thread 2 ] DEBUG Engine               - globalMusicVolumeProperty: DoubleProperty [value: 0.5]
15:40:14.259 [FXGL Background Thread 2 ] DEBUG Engine               - isPreserveResizeRatio: false
15:40:14.259 [FXGL Background Thread 2 ] DEBUG Engine               - fontText: Courier-Prime.ttf
15:40:14.259 [FXGL Background Thread 2 ] DEBUG Engine               - isExperimentalTiledLargeMap: false
15:40:14.259 [FXGL Background Thread 2 ] DEBUG Engine               - secondsIn24h: 60
15:40:14.260 [FXGL Background Thread 2 ] DEBUG Engine               - runtimeInfo: RuntimeInfo(platform=WINDOWS, version=11.8, build=08.03.2020 09.09)
15:40:14.260 [FXGL Background Thread 2 ] DEBUG Engine               - isLinux: false
15:40:14.260 [FXGL Background Thread 2 ] DEBUG Engine               - soundMenuPress: menu/press.wav
15:40:14.260 [FXGL Background Thread 2 ] DEBUG Engine               - urlGithub: https://github.com/AlmasB/FXGL
15:40:14.260 [FXGL Background Thread 2 ] DEBUG Engine               - profileDir: profiles/
15:40:14.260 [FXGL Background Thread 2 ] DEBUG Engine               - isDeveloperMenuEnabled: false
15:40:14.261 [FXGL Background Thread 2 ] DEBUG Engine               - globalSoundVolumeProperty: DoubleProperty [value: 0.5]
15:40:14.261 [FXGL Background Thread 2 ] DEBUG Engine               - mainWindow: com.almasb.fxgl.app.MainWindow@2cc56958
15:40:14.261 [FXGL Background Thread 2 ] DEBUG Engine               - isBrowser: false
15:40:14.261 [FXGL Background Thread 2 ] DEBUG Engine               - globalSoundVolume: 0.5
15:40:14.261 [FXGL Background Thread 2 ] DEBUG Engine               - urlLeaderboard: http://fxgl-top.herokuapp.com/
15:40:14.262 [FXGL Background Thread 2 ] DEBUG Engine               - engineServices: [class com.almasb.fxgl.app.GameApplication$GameApplicationService, class com.almasb.fxgl.app.services.WindowService, class com.almasb.fxgl.app.services.FXGLDialogService, class com.almasb.fxgl.app.services.IOTaskExecutorService, class com.almasb.fxgl.event.EventBusService, class com.almasb.fxgl.io.FileSystemService, class com.almasb.fxgl.localization.LocalizationService, class com.almasb.fxgl.app.services.AssetLoaderService, class com.almasb.fxgl.app.services.SystemBundleService, class com.almasb.fxgl.profile.SaveLoadService, class com.almasb.fxgl.ui.FXGLUIFactoryServiceProvider, class com.almasb.fxgl.ui.FXGLDialogFactoryServiceProvider, class com.almasb.fxgl.audio.AudioPlayer, class com.almasb.fxgl.notification.impl.NotificationServiceProvider, class com.almasb.fxgl.achievement.AchievementService, class com.almasb.fxgl.cutscene.CutsceneService, class com.almasb.fxgl.minigames.MiniGameService, class com.almasb.fxgl.net.NetService, class com.almasb.fxgl.app.services.UpdaterService]
15:40:14.262 [FXGL Background Thread 2 ] DEBUG Engine               - globalMusicVolume: 0.5
15:40:14.262 [FXGL Background Thread 2 ] DEBUG Engine               - width: 800
15:40:14.262 [FXGL Background Thread 2 ] DEBUG Engine               - saveFileExt: sav
15:40:14.262 [FXGL Background Thread 2 ] DEBUG Engine               - isAndroid: false
15:40:14.262 [FXGL Background Thread 2 ] DEBUG Engine               - fontUI: VarelaRound-Regular.ttf
15:40:14.263 [FXGL Background Thread 2 ] DEBUG Engine               - enabledMenuItems: []
15:40:14.263 [FXGL Background Thread 2 ] DEBUG Engine               - isIOS: false
15:40:14.263 [FXGL Background Thread 2 ] DEBUG Engine               - Logging services
15:40:14.263 [FXGL Background Thread 2 ] DEBUG Engine               - class com.almasb.fxgl.app.GameApplication$GameApplicationService
15:40:14.263 [FXGL Background Thread 2 ] DEBUG Engine               - class com.almasb.fxgl.app.services.WindowService
15:40:14.264 [FXGL Background Thread 2 ] DEBUG Engine               - class com.almasb.fxgl.app.services.FXGLDialogService
15:40:14.264 [FXGL Background Thread 2 ] DEBUG Engine               - class com.almasb.fxgl.app.services.IOTaskExecutorService
15:40:14.264 [FXGL Background Thread 2 ] DEBUG Engine               - class com.almasb.fxgl.event.EventBusService
15:40:14.264 [FXGL Background Thread 2 ] DEBUG Engine               - class com.almasb.fxgl.io.FileSystemService
15:40:14.264 [FXGL Background Thread 2 ] DEBUG Engine               - class com.almasb.fxgl.localization.LocalizationService
15:40:14.264 [FXGL Background Thread 2 ] DEBUG Engine               - class com.almasb.fxgl.app.services.AssetLoaderService
15:40:14.264 [FXGL Background Thread 2 ] DEBUG Engine               - class com.almasb.fxgl.app.services.SystemBundleService
15:40:14.265 [FXGL Background Thread 2 ] DEBUG Engine               - class com.almasb.fxgl.profile.SaveLoadService
15:40:14.265 [FXGL Background Thread 2 ] DEBUG Engine               - class com.almasb.fxgl.ui.FXGLUIFactoryServiceProvider
15:40:14.265 [FXGL Background Thread 2 ] DEBUG Engine               - class com.almasb.fxgl.ui.FXGLDialogFactoryServiceProvider
15:40:14.265 [FXGL Background Thread 2 ] DEBUG Engine               - class com.almasb.fxgl.audio.AudioPlayer
15:40:14.265 [FXGL Background Thread 2 ] DEBUG Engine               - class com.almasb.fxgl.notification.impl.NotificationServiceProvider
15:40:14.265 [FXGL Background Thread 2 ] DEBUG Engine               - class com.almasb.fxgl.achievement.AchievementService
15:40:14.266 [FXGL Background Thread 2 ] DEBUG Engine               - class com.almasb.fxgl.cutscene.CutsceneService
15:40:14.266 [FXGL Background Thread 2 ] DEBUG Engine               - class com.almasb.fxgl.minigames.MiniGameService
15:40:14.266 [FXGL Background Thread 2 ] DEBUG Engine               - class com.almasb.fxgl.net.NetService
15:40:14.266 [FXGL Background Thread 2 ] DEBUG Engine               - class com.almasb.fxgl.app.services.UpdaterService
15:40:24.060 [JavaFX Application Thread] DEBUG GameApplication      - Exiting FXGL
15:40:24.060 [JavaFX Application Thread] DEBUG LoopRunner           - Stopping loop
15:40:24.060 [JavaFX Application Thread] DEBUG SystemBundleService  - Saving FXGL system data
15:40:24.063 [JavaFX Application Thread] DEBUG FileSystemAccess     - Writing to: C:\Users\Katherine\IdeaProjects\Asteroids\system\fxgl.bundle
15:40:24.065 [JavaFX Application Thread] DEBUG GameApplication      - Shutting down background threads
15:40:24.065 [JavaFX Application Thread] DEBUG GameApplication      - Closing logger and exiting JavaFX
